  [1m[35m (60.8ms)[0m  [1m[34mSELECT sqlite_version(*)[0m
  [1m[35m (154.5ms)[0m  [1m[35mCREATE TABLE "schema_migrations" ("version" varchar NOT NULL PRIMARY KEY)[0m
  [1m[35m (17.7ms)[0m  [1m[35mCREATE TABLE "ar_internal_metadata" ("key" varchar NOT NULL PRIMARY KEY, "value" varchar, "created_at" datetime(6) NOT NULL, "updated_at" datetime(6) NOT NULL)[0m
  [1m[35m (0.7ms)[0m  [1m[34mSELECT "schema_migrations"."version" FROM "schema_migrations" ORDER BY "schema_migrations"."version" ASC[0m
Migrating to CreateCustomers (20200625164018)
  [1m[35m (0.1ms)[0m  [1m[36mbegin transaction[0m
  [1m[35m (2.4ms)[0m  [1m[35mCREATE TABLE "customers" ("id" integer PRIMARY KEY AUTOINCREMENT NOT NULL, "name" varchar, "age" integer, "created_at" datetime(6) NOT NULL, "updated_at" datetime(6) NOT NULL)[0m
  [1m[36mprimary::SchemaMigration Create (1.4ms)[0m  [1m[32mINSERT INTO "schema_migrations" ("version") VALUES (?)[0m  [["version", "20200625164018"]]
  [1m[35m (90.8ms)[0m  [1m[36mcommit transaction[0m
Migrating to CreateBanks (20200625164052)
  [1m[35m (0.1ms)[0m  [1m[36mbegin transaction[0m
  [1m[35m (6.5ms)[0m  [1m[35mCREATE TABLE "banks" ("id" integer PRIMARY KEY AUTOINCREMENT NOT NULL, "name" varchar, "city" varchar, "created_at" datetime(6) NOT NULL, "updated_at" datetime(6) NOT NULL)[0m
  [1m[36mprimary::SchemaMigration Create (0.8ms)[0m  [1m[32mINSERT INTO "schema_migrations" ("version") VALUES (?)[0m  [["version", "20200625164052"]]
  [1m[35m (23.6ms)[0m  [1m[36mcommit transaction[0m
Migrating to CreateCreditCards (20200625164211)
  [1m[35m (0.4ms)[0m  [1m[36mbegin transaction[0m
  [1m[35m (2.5ms)[0m  [1m[35mCREATE TABLE "credit_cards" ("id" integer PRIMARY KEY AUTOINCREMENT NOT NULL, "card_name" varchar, "customer_id" integer, "bank_id" integer, "created_at" datetime(6) NOT NULL, "updated_at" datetime(6) NOT NULL)[0m
  [1m[36mprimary::SchemaMigration Create (0.4ms)[0m  [1m[32mINSERT INTO "schema_migrations" ("version") VALUES (?)[0m  [["version", "20200625164211"]]
  [1m[35m (136.5ms)[0m  [1m[36mcommit transaction[0m
  [1m[36mActiveRecord::InternalMetadata Load (1.9ms)[0m  [1m[34mSELECT "ar_internal_metadata".* FROM "ar_internal_metadata" WHERE "ar_internal_metadata"."key" = ? LIMIT ?[0m  [["key", "environment"], ["LIMIT", 1]]
  [1m[35m (0.1ms)[0m  [1m[36mbegin transaction[0m
  [1m[36mActiveRecord::InternalMetadata Create (50.6ms)[0m  [1m[32mINSERT INTO "ar_internal_metadata" ("key", "value", "created_at", "updated_at") VALUES (?, ?, ?, ?)[0m  [["key", "environment"], ["value", "development"], ["created_at", "2020-06-25 19:52:28.691058"], ["updated_at", "2020-06-25 19:52:28.691058"]]
  [1m[35m (50.6ms)[0m  [1m[36mcommit transaction[0m
  [1m[35m (0.2ms)[0m  [1m[34mSELECT sqlite_version(*)[0m
  [1m[35m (0.6ms)[0m  [1m[34mSELECT "schema_migrations"."version" FROM "schema_migrations" ORDER BY "schema_migrations"."version" ASC[0m
  [1m[35m (1.3ms)[0m  [1m[34mSELECT sqlite_version(*)[0m
  [1m[35m (0.5ms)[0m  [1m[34mSELECT "schema_migrations"."version" FROM "schema_migrations" ORDER BY "schema_migrations"."version" ASC[0m
  [1m[35m (0.1ms)[0m  [1m[34mSELECT sqlite_version(*)[0m
  [1m[35m (0.1ms)[0m  [1m[36mbegin transaction[0m
  [1m[36mCustomer Create (2.6ms)[0m  [1m[32mINSERT INTO "customers" ("name", "age", "created_at", "updated_at") VALUES (?, ?, ?, ?)[0m  [["name", "Sarai Shields Ret."], ["age", 36], ["created_at", "2020-06-25 19:53:13.097874"], ["updated_at", "2020-06-25 19:53:13.097874"]]
  [1m[35m (14.4ms)[0m  [1m[36mcommit transaction[0m
  [1m[35m (0.1ms)[0m  [1m[36mbegin transaction[0m
  [1m[36mCustomer Create (2.0ms)[0m  [1m[32mINSERT INTO "customers" ("name", "age", "created_at", "updated_at") VALUES (?, ?, ?, ?)[0m  [["name", "Zula Halvorson"], ["age", 20], ["created_at", "2020-06-25 19:53:13.124429"], ["updated_at", "2020-06-25 19:53:13.124429"]]
  [1m[35m (17.9ms)[0m  [1m[36mcommit transaction[0m
  [1m[35m (0.1ms)[0m  [1m[36mbegin transaction[0m
  [1m[36mCustomer Create (2.0ms)[0m  [1m[32mINSERT INTO "customers" ("name", "age", "created_at", "updated_at") VALUES (?, ?, ?, ?)[0m  [["name", "Brant Mraz"], ["age", 41], ["created_at", "2020-06-25 19:53:13.152267"], ["updated_at", "2020-06-25 19:53:13.152267"]]
  [1m[35m (18.3ms)[0m  [1m[36mcommit transaction[0m
  [1m[35m (0.1ms)[0m  [1m[36mbegin transaction[0m
  [1m[36mCustomer Create (2.9ms)[0m  [1m[32mINSERT INTO "customers" ("name", "age", "created_at", "updated_at") VALUES (?, ?, ?, ?)[0m  [["name", "Ed Hoppe"], ["age", 42], ["created_at", "2020-06-25 19:53:13.186383"], ["updated_at", "2020-06-25 19:53:13.186383"]]
  [1m[35m (17.9ms)[0m  [1m[36mcommit transaction[0m
  [1m[35m (0.1ms)[0m  [1m[36mbegin transaction[0m
  [1m[36mCustomer Create (2.1ms)[0m  [1m[32mINSERT INTO "customers" ("name", "age", "created_at", "updated_at") VALUES (?, ?, ?, ?)[0m  [["name", "Donovan Labadie Esq."], ["age", 35], ["created_at", "2020-06-25 19:53:13.216159"], ["updated_at", "2020-06-25 19:53:13.216159"]]
  [1m[35m (12.9ms)[0m  [1m[36mcommit transaction[0m
  [1m[35m (0.1ms)[0m  [1m[36mbegin transaction[0m
  [1m[36mCustomer Create (2.3ms)[0m  [1m[32mINSERT INTO "customers" ("name", "age", "created_at", "updated_at") VALUES (?, ?, ?, ?)[0m  [["name", "Erich Schulist"], ["age", 45], ["created_at", "2020-06-25 19:53:13.241509"], ["updated_at", "2020-06-25 19:53:13.241509"]]
  [1m[35m (13.7ms)[0m  [1m[36mcommit transaction[0m
  [1m[35m (0.1ms)[0m  [1m[36mbegin transaction[0m
  [1m[36mCustomer Create (1.9ms)[0m  [1m[32mINSERT INTO "customers" ("name", "age", "created_at", "updated_at") VALUES (?, ?, ?, ?)[0m  [["name", "Lourdes Shanahan"], ["age", 47], ["created_at", "2020-06-25 19:53:13.271944"], ["updated_at", "2020-06-25 19:53:13.271944"]]
  [1m[35m (21.9ms)[0m  [1m[36mcommit transaction[0m
  [1m[35m (0.1ms)[0m  [1m[36mbegin transaction[0m
  [1m[36mCustomer Create (7.0ms)[0m  [1m[32mINSERT INTO "customers" ("name", "age", "created_at", "updated_at") VALUES (?, ?, ?, ?)[0m  [["name", "Jamal Hudson"], ["age", 23], ["created_at", "2020-06-25 19:53:13.314499"], ["updated_at", "2020-06-25 19:53:13.314499"]]
  [1m[35m (13.0ms)[0m  [1m[36mcommit transaction[0m
  [1m[35m (0.1ms)[0m  [1m[36mbegin transaction[0m
  [1m[36mCustomer Create (3.2ms)[0m  [1m[32mINSERT INTO "customers" ("name", "age", "created_at", "updated_at") VALUES (?, ?, ?, ?)[0m  [["name", "Devora Durgan"], ["age", 41], ["created_at", "2020-06-25 19:53:13.344061"], ["updated_at", "2020-06-25 19:53:13.344061"]]
  [1m[35m (17.3ms)[0m  [1m[36mcommit transaction[0m
  [1m[35m (0.1ms)[0m  [1m[36mbegin transaction[0m
  [1m[36mCustomer Create (2.0ms)[0m  [1m[32mINSERT INTO "customers" ("name", "age", "created_at", "updated_at") VALUES (?, ?, ?, ?)[0m  [["name", "Faith Predovic CPA"], ["age", 57], ["created_at", "2020-06-25 19:53:13.373452"], ["updated_at", "2020-06-25 19:53:13.373452"]]
  [1m[35m (15.5ms)[0m  [1m[36mcommit transaction[0m
  [1m[35m (1.1ms)[0m  [1m[34mSELECT sqlite_version(*)[0m
  [1m[35m (0.5ms)[0m  [1m[34mSELECT "schema_migrations"."version" FROM "schema_migrations" ORDER BY "schema_migrations"."version" ASC[0m
  [1m[35m (0.1ms)[0m  [1m[34mSELECT sqlite_version(*)[0m
  [1m[35m (0.1ms)[0m  [1m[36mbegin transaction[0m
  [1m[36mCustomer Create (1.8ms)[0m  [1m[32mINSERT INTO "customers" ("name", "age", "created_at", "updated_at") VALUES (?, ?, ?, ?)[0m  [["name", "Jerrie Crona"], ["age", 39], ["created_at", "2020-06-25 19:54:30.997249"], ["updated_at", "2020-06-25 19:54:30.997249"]]
  [1m[35m (13.5ms)[0m  [1m[36mcommit transaction[0m
  [1m[35m (0.1ms)[0m  [1m[36mbegin transaction[0m
  [1m[36mCustomer Create (1.8ms)[0m  [1m[32mINSERT INTO "customers" ("name", "age", "created_at", "updated_at") VALUES (?, ?, ?, ?)[0m  [["name", "Li Baumbach"], ["age", 39], ["created_at", "2020-06-25 19:54:31.022015"], ["updated_at", "2020-06-25 19:54:31.022015"]]
  [1m[35m (13.4ms)[0m  [1m[36mcommit transaction[0m
  [1m[35m (0.1ms)[0m  [1m[36mbegin transaction[0m
  [1m[36mCustomer Create (2.0ms)[0m  [1m[32mINSERT INTO "customers" ("name", "age", "created_at", "updated_at") VALUES (?, ?, ?, ?)[0m  [["name", "Jay Zboncak"], ["age", 21], ["created_at", "2020-06-25 19:54:31.050413"], ["updated_at", "2020-06-25 19:54:31.050413"]]
  [1m[35m (13.2ms)[0m  [1m[36mcommit transaction[0m
  [1m[35m (0.1ms)[0m  [1m[36mbegin transaction[0m
  [1m[36mCustomer Create (2.1ms)[0m  [1m[32mINSERT INTO "customers" ("name", "age", "created_at", "updated_at") VALUES (?, ?, ?, ?)[0m  [["name", "Andre Gibson"], ["age", 51], ["created_at", "2020-06-25 19:54:31.076239"], ["updated_at", "2020-06-25 19:54:31.076239"]]
  [1m[35m (12.7ms)[0m  [1m[36mcommit transaction[0m
  [1m[35m (0.1ms)[0m  [1m[36mbegin transaction[0m
  [1m[36mCustomer Create (1.7ms)[0m  [1m[32mINSERT INTO "customers" ("name", "age", "created_at", "updated_at") VALUES (?, ?, ?, ?)[0m  [["name", "Wes Powlowski"], ["age", 30], ["created_at", "2020-06-25 19:54:31.100259"], ["updated_at", "2020-06-25 19:54:31.100259"]]
  [1m[35m (14.8ms)[0m  [1m[36mcommit transaction[0m
  [1m[35m (0.1ms)[0m  [1m[36mbegin transaction[0m
  [1m[36mCustomer Create (1.8ms)[0m  [1m[32mINSERT INTO "customers" ("name", "age", "created_at", "updated_at") VALUES (?, ?, ?, ?)[0m  [["name", "Kathy Rolfson"], ["age", 38], ["created_at", "2020-06-25 19:54:31.124676"], ["updated_at", "2020-06-25 19:54:31.124676"]]
  [1m[35m (17.4ms)[0m  [1m[36mcommit transaction[0m
  [1m[35m (0.1ms)[0m  [1m[36mbegin transaction[0m
  [1m[36mCustomer Create (2.5ms)[0m  [1m[32mINSERT INTO "customers" ("name", "age", "created_at", "updated_at") VALUES (?, ?, ?, ?)[0m  [["name", "Tod Jakubowski"], ["age", 55], ["created_at", "2020-06-25 19:54:31.154023"], ["updated_at", "2020-06-25 19:54:31.154023"]]
  [1m[35m (16.5ms)[0m  [1m[36mcommit transaction[0m
  [1m[35m (0.1ms)[0m  [1m[36mbegin transaction[0m
  [1m[36mCustomer Create (2.0ms)[0m  [1m[32mINSERT INTO "customers" ("name", "age", "created_at", "updated_at") VALUES (?, ?, ?, ?)[0m  [["name", "Melani Breitenberg"], ["age", 47], ["created_at", "2020-06-25 19:54:31.182834"], ["updated_at", "2020-06-25 19:54:31.182834"]]
  [1m[35m (13.4ms)[0m  [1m[36mcommit transaction[0m
  [1m[35m (0.1ms)[0m  [1m[36mbegin transaction[0m
  [1m[36mCustomer Create (1.8ms)[0m  [1m[32mINSERT INTO "customers" ("name", "age", "created_at", "updated_at") VALUES (?, ?, ?, ?)[0m  [["name", "Dario Cassin"], ["age", 40], ["created_at", "2020-06-25 19:54:31.231444"], ["updated_at", "2020-06-25 19:54:31.231444"]]
  [1m[35m (14.9ms)[0m  [1m[36mcommit transaction[0m
  [1m[35m (0.1ms)[0m  [1m[36mbegin transaction[0m
  [1m[36mCustomer Create (2.1ms)[0m  [1m[32mINSERT INTO "customers" ("name", "age", "created_at", "updated_at") VALUES (?, ?, ?, ?)[0m  [["name", "Delphia Renner"], ["age", 30], ["created_at", "2020-06-25 19:54:31.257613"], ["updated_at", "2020-06-25 19:54:31.257613"]]
  [1m[35m (18.6ms)[0m  [1m[36mcommit transaction[0m
  [1m[35m (0.1ms)[0m  [1m[36mbegin transaction[0m
  [1m[36mBank Create (2.1ms)[0m  [1m[32mINSERT INTO "banks" ("name", "city", "created_at", "updated_at") VALUES (?, ?, ?, ?)[0m  [["name", "ABN AMRO HOARE GOVETT CORPORATE FINANCE LTD."], ["city", "Thompsonside"], ["created_at", "2020-06-25 19:54:31.327234"], ["updated_at", "2020-06-25 19:54:31.327234"]]
  [1m[35m (13.6ms)[0m  [1m[36mcommit transaction[0m
  [1m[35m (0.1ms)[0m  [1m[36mbegin transaction[0m
  [1m[36mBank Create (1.9ms)[0m  [1m[32mINSERT INTO "banks" ("name", "city", "created_at", "updated_at") VALUES (?, ?, ?, ?)[0m  [["name", "ABN AMRO CORPORATE FINANCE LIMITED"], ["city", "East Chong"], ["created_at", "2020-06-25 19:54:31.355857"], ["updated_at", "2020-06-25 19:54:31.355857"]]
  [1m[35m (13.3ms)[0m  [1m[36mcommit transaction[0m
  [1m[35m (0.1ms)[0m  [1m[36mbegin transaction[0m
  [1m[36mBank Create (72.9ms)[0m  [1m[32mINSERT INTO "banks" ("name", "city", "created_at", "updated_at") VALUES (?, ?, ?, ?)[0m  [["name", "ALLIED BANK PHILIPPINES (UK) PLC"], ["city", "Lake Arlette"], ["created_at", "2020-06-25 19:54:31.379786"], ["updated_at", "2020-06-25 19:54:31.379786"]]
  [1m[35m (13.2ms)[0m  [1m[36mcommit transaction[0m
  [1m[35m (0.1ms)[0m  [1m[36mbegin transaction[0m
  [1m[36mBank Create (2.2ms)[0m  [1m[32mINSERT INTO "banks" ("name", "city", "created_at", "updated_at") VALUES (?, ?, ?, ?)[0m  [["name", "OTKRITIE SECURITIES LIMITED"], ["city", "Gleichnerchester"], ["created_at", "2020-06-25 19:54:31.499694"], ["updated_at", "2020-06-25 19:54:31.499694"]]
  [1m[35m (14.0ms)[0m  [1m[36mcommit transaction[0m
  [1m[35m (0.1ms)[0m  [1m[36mbegin transaction[0m
  [1m[36mBank Create (3.7ms)[0m  [1m[32mINSERT INTO "banks" ("name", "city", "created_at", "updated_at") VALUES (?, ?, ?, ?)[0m  [["name", "PGMS (GLASGOW) LIMITED"], ["city", "Sawaynberg"], ["created_at", "2020-06-25 19:54:31.535483"], ["updated_at", "2020-06-25 19:54:31.535483"]]
  [1m[35m (16.1ms)[0m  [1m[36mcommit transaction[0m
  [1m[35m (0.1ms)[0m  [1m[36mbegin transaction[0m
  [1m[36mBank Create (2.0ms)[0m  [1m[32mINSERT INTO "banks" ("name", "city", "created_at", "updated_at") VALUES (?, ?, ?, ?)[0m  [["name", "ABN AMRO HOARE GOVETT SECURITIES"], ["city", "South Diegoland"], ["created_at", "2020-06-25 19:54:31.567418"], ["updated_at", "2020-06-25 19:54:31.567418"]]
  [1m[35m (13.5ms)[0m  [1m[36mcommit transaction[0m
  [1m[35m (0.1ms)[0m  [1m[36mbegin transaction[0m
  [1m[36mBank Create (2.8ms)[0m  [1m[32mINSERT INTO "banks" ("name", "city", "created_at", "updated_at") VALUES (?, ?, ?, ?)[0m  [["name", "ABC INTERNATIONAL BANK PLC"], ["city", "Daughertymouth"], ["created_at", "2020-06-25 19:54:31.615385"], ["updated_at", "2020-06-25 19:54:31.615385"]]
  [1m[35m (16.8ms)[0m  [1m[36mcommit transaction[0m
  [1m[35m (0.1ms)[0m  [1m[36mbegin transaction[0m
  [1m[36mBank Create (2.0ms)[0m  [1m[32mINSERT INTO "banks" ("name", "city", "created_at", "updated_at") VALUES (?, ?, ?, ?)[0m  [["name", "ALLIED BANK PHILIPPINES (UK) PLC"], ["city", "Westville"], ["created_at", "2020-06-25 19:54:31.686454"], ["updated_at", "2020-06-25 19:54:31.686454"]]
  [1m[35m (12.7ms)[0m  [1m[36mcommit transaction[0m
  [1m[35m (0.1ms)[0m  [1m[36mbegin transaction[0m
  [1m[36mBank Create (1.9ms)[0m  [1m[32mINSERT INTO "banks" ("name", "city", "created_at", "updated_at") VALUES (?, ?, ?, ?)[0m  [["name", "ABINGWORTH MANAGEMENT LIMITED"], ["city", "West Micheleborough"], ["created_at", "2020-06-25 19:54:31.710291"], ["updated_at", "2020-06-25 19:54:31.710291"]]
  [1m[35m (13.4ms)[0m  [1m[36mcommit transaction[0m
  [1m[35m (0.1ms)[0m  [1m[36mbegin transaction[0m
  [1m[36mBank Create (2.6ms)[0m  [1m[32mINSERT INTO "banks" ("name", "city", "created_at", "updated_at") VALUES (?, ?, ?, ?)[0m  [["name", "ALKEN ASSET MANAGEMENT"], ["city", "Lake Leviborough"], ["created_at", "2020-06-25 19:54:31.855818"], ["updated_at", "2020-06-25 19:54:31.855818"]]
  [1m[35m (16.7ms)[0m  [1m[36mcommit transaction[0m
  [1m[35m (0.1ms)[0m  [1m[36mbegin transaction[0m
  [1m[36mCustomer Load (0.4ms)[0m  [1m[34mSELECT "customers".* FROM "customers" WHERE "customers"."id" = ? LIMIT ?[0m  [["id", 1], ["LIMIT", 1]]
  [1m[36mBank Load (0.4ms)[0m  [1m[34mSELECT "banks".* FROM "banks" WHERE "banks"."id" = ? LIMIT ?[0m  [["id", 4], ["LIMIT", 1]]
  [1m[36mCreditCard Create (2.7ms)[0m  [1m[32mINSERT INTO "credit_cards" ("card_name", "customer_id", "bank_id", "created_at", "updated_at") VALUES (?, ?, ?, ?, ?)[0m  [["card_name", "pear"], ["customer_id", 1], ["bank_id", 4], ["created_at", "2020-06-25 19:54:32.539274"], ["updated_at", "2020-06-25 19:54:32.539274"]]
  [1m[35m (55.0ms)[0m  [1m[36mcommit transaction[0m
  [1m[35m (0.1ms)[0m  [1m[36mbegin transaction[0m
  [1m[36mCustomer Load (0.4ms)[0m  [1m[34mSELECT "customers".* FROM "customers" WHERE "customers"."id" = ? LIMIT ?[0m  [["id", 4], ["LIMIT", 1]]
  [1m[36mBank Load (0.1ms)[0m  [1m[34mSELECT "banks".* FROM "banks" WHERE "banks"."id" = ? LIMIT ?[0m  [["id", 9], ["LIMIT", 1]]
  [1m[36mCreditCard Create (1.8ms)[0m  [1m[32mINSERT INTO "credit_cards" ("card_name", "customer_id", "bank_id", "created_at", "updated_at") VALUES (?, ?, ?, ?, ?)[0m  [["card_name", "gold"], ["customer_id", 4], ["bank_id", 9], ["created_at", "2020-06-25 19:54:32.651986"], ["updated_at", "2020-06-25 19:54:32.651986"]]
  [1m[35m (23.9ms)[0m  [1m[36mcommit transaction[0m
  [1m[35m (0.1ms)[0m  [1m[36mbegin transaction[0m
  [1m[36mCustomer Load (0.5ms)[0m  [1m[34mSELECT "customers".* FROM "customers" WHERE "customers"."id" = ? LIMIT ?[0m  [["id", 4], ["LIMIT", 1]]
  [1m[36mBank Load (0.2ms)[0m  [1m[34mSELECT "banks".* FROM "banks" WHERE "banks"."id" = ? LIMIT ?[0m  [["id", 5], ["LIMIT", 1]]
  [1m[36mCreditCard Create (6.5ms)[0m  [1m[32mINSERT INTO "credit_cards" ("card_name", "customer_id", "bank_id", "created_at", "updated_at") VALUES (?, ?, ?, ?, ?)[0m  [["card_name", "sky"], ["customer_id", 4], ["bank_id", 5], ["created_at", "2020-06-25 19:54:32.695558"], ["updated_at", "2020-06-25 19:54:32.695558"]]
  [1m[35m (23.3ms)[0m  [1m[36mcommit transaction[0m
  [1m[35m (0.1ms)[0m  [1m[36mbegin transaction[0m
  [1m[36mCustomer Load (0.4ms)[0m  [1m[34mSELECT "customers".* FROM "customers" WHERE "customers"."id" = ? LIMIT ?[0m  [["id", 7], ["LIMIT", 1]]
  [1m[36mBank Load (0.2ms)[0m  [1m[34mSELECT "banks".* FROM "banks" WHERE "banks"."id" = ? LIMIT ?[0m  [["id", 1], ["LIMIT", 1]]
  [1m[36mCreditCard Create (1.8ms)[0m  [1m[32mINSERT INTO "credit_cards" ("card_name", "customer_id", "bank_id", "created_at", "updated_at") VALUES (?, ?, ?, ?, ?)[0m  [["card_name", "maroon"], ["customer_id", 7], ["bank_id", 1], ["created_at", "2020-06-25 19:54:32.744792"], ["updated_at", "2020-06-25 19:54:32.744792"]]
  [1m[35m (26.8ms)[0m  [1m[36mcommit transaction[0m
  [1m[35m (0.1ms)[0m  [1m[36mbegin transaction[0m
  [1m[36mCustomer Load (0.7ms)[0m  [1m[34mSELECT "customers".* FROM "customers" WHERE "customers"."id" = ? LIMIT ?[0m  [["id", 3], ["LIMIT", 1]]
  [1m[36mBank Load (0.1ms)[0m  [1m[34mSELECT "banks".* FROM "banks" WHERE "banks"."id" = ? LIMIT ?[0m  [["id", 5], ["LIMIT", 1]]
  [1m[36mCreditCard Create (2.2ms)[0m  [1m[32mINSERT INTO "credit_cards" ("card_name", "customer_id", "bank_id", "created_at", "updated_at") VALUES (?, ?, ?, ?, ?)[0m  [["card_name", "amaranth"], ["customer_id", 3], ["bank_id", 5], ["created_at", "2020-06-25 19:54:32.791280"], ["updated_at", "2020-06-25 19:54:32.791280"]]
  [1m[35m (20.2ms)[0m  [1m[36mcommit transaction[0m
  [1m[35m (0.1ms)[0m  [1m[36mbegin transaction[0m
  [1m[36mCustomer Load (0.6ms)[0m  [1m[34mSELECT "customers".* FROM "customers" WHERE "customers"."id" = ? LIMIT ?[0m  [["id", 3], ["LIMIT", 1]]
  [1m[36mBank Load (0.1ms)[0m  [1m[34mSELECT "banks".* FROM "banks" WHERE "banks"."id" = ? LIMIT ?[0m  [["id", 8], ["LIMIT", 1]]
  [1m[36mCreditCard Create (1.9ms)[0m  [1m[32mINSERT INTO "credit_cards" ("card_name", "customer_id", "bank_id", "created_at", "updated_at") VALUES (?, ?, ?, ?, ?)[0m  [["card_name", "pink"], ["customer_id", 3], ["bank_id", 8], ["created_at", "2020-06-25 19:54:32.854471"], ["updated_at", "2020-06-25 19:54:32.854471"]]
  [1m[35m (27.2ms)[0m  [1m[36mcommit transaction[0m
  [1m[35m (0.1ms)[0m  [1m[36mbegin transaction[0m
  [1m[36mCustomer Load (0.5ms)[0m  [1m[34mSELECT "customers".* FROM "customers" WHERE "customers"."id" = ? LIMIT ?[0m  [["id", 6], ["LIMIT", 1]]
  [1m[36mBank Load (0.2ms)[0m  [1m[34mSELECT "banks".* FROM "banks" WHERE "banks"."id" = ? LIMIT ?[0m  [["id", 6], ["LIMIT", 1]]
  [1m[36mCreditCard Create (1.8ms)[0m  [1m[32mINSERT INTO "credit_cards" ("card_name", "customer_id", "bank_id", "created_at", "updated_at") VALUES (?, ?, ?, ?, ?)[0m  [["card_name", "olive"], ["customer_id", 6], ["bank_id", 6], ["created_at", "2020-06-25 19:54:32.902060"], ["updated_at", "2020-06-25 19:54:32.902060"]]
  [1m[35m (16.3ms)[0m  [1m[36mcommit transaction[0m
  [1m[35m (0.1ms)[0m  [1m[36mbegin transaction[0m
  [1m[36mCustomer Load (0.5ms)[0m  [1m[34mSELECT "customers".* FROM "customers" WHERE "customers"."id" = ? LIMIT ?[0m  [["id", 4], ["LIMIT", 1]]
  [1m[36mBank Load (0.1ms)[0m  [1m[34mSELECT "banks".* FROM "banks" WHERE "banks"."id" = ? LIMIT ?[0m  [["id", 7], ["LIMIT", 1]]
  [1m[36mCreditCard Create (1.8ms)[0m  [1m[32mINSERT INTO "credit_cards" ("card_name", "customer_id", "bank_id", "created_at", "updated_at") VALUES (?, ?, ?, ?, ?)[0m  [["card_name", "viridian"], ["customer_id", 4], ["bank_id", 7], ["created_at", "2020-06-25 19:54:32.944734"], ["updated_at", "2020-06-25 19:54:32.944734"]]
  [1m[35m (20.2ms)[0m  [1m[36mcommit transaction[0m
  [1m[35m (0.1ms)[0m  [1m[36mbegin transaction[0m
  [1m[36mCustomer Load (0.4ms)[0m  [1m[34mSELECT "customers".* FROM "customers" WHERE "customers"."id" = ? LIMIT ?[0m  [["id", 9], ["LIMIT", 1]]
  [1m[36mBank Load (0.1ms)[0m  [1m[34mSELECT "banks".* FROM "banks" WHERE "banks"."id" = ? LIMIT ?[0m  [["id", 1], ["LIMIT", 1]]
  [1m[36mCreditCard Create (20.2ms)[0m  [1m[32mINSERT INTO "credit_cards" ("card_name", "customer_id", "bank_id", "created_at", "updated_at") VALUES (?, ?, ?, ?, ?)[0m  [["card_name", "viridian"], ["customer_id", 9], ["bank_id", 1], ["created_at", "2020-06-25 19:54:32.982390"], ["updated_at", "2020-06-25 19:54:32.982390"]]
  [1m[35m (13.2ms)[0m  [1m[36mcommit transaction[0m
  [1m[35m (0.1ms)[0m  [1m[36mbegin transaction[0m
  [1m[36mCustomer Load (0.5ms)[0m  [1m[34mSELECT "customers".* FROM "customers" WHERE "customers"."id" = ? LIMIT ?[0m  [["id", 10], ["LIMIT", 1]]
  [1m[36mBank Load (0.4ms)[0m  [1m[34mSELECT "banks".* FROM "banks" WHERE "banks"."id" = ? LIMIT ?[0m  [["id", 6], ["LIMIT", 1]]
  [1m[36mCreditCard Create (2.0ms)[0m  [1m[32mINSERT INTO "credit_cards" ("card_name", "customer_id", "bank_id", "created_at", "updated_at") VALUES (?, ?, ?, ?, ?)[0m  [["card_name", "grey"], ["customer_id", 10], ["bank_id", 6], ["created_at", "2020-06-25 19:54:33.033622"], ["updated_at", "2020-06-25 19:54:33.033622"]]
  [1m[35m (12.9ms)[0m  [1m[36mcommit transaction[0m
  [1m[35m (1.0ms)[0m  [1m[34mSELECT sqlite_version(*)[0m
  [1m[35m (0.7ms)[0m  [1m[34mSELECT "schema_migrations"."version" FROM "schema_migrations" ORDER BY "schema_migrations"."version" ASC[0m
  [1m[35m (0.1ms)[0m  [1m[34mSELECT sqlite_version(*)[0m
  [1m[36mCreditCard Load (0.6ms)[0m  [1m[34mSELECT "credit_cards".* FROM "credit_cards"[0m
  [1m[35m (0.1ms)[0m  [1m[36mbegin transaction[0m
  [1m[36mCreditCard Destroy (3.0ms)[0m  [1m[31mDELETE FROM "credit_cards" WHERE "credit_cards"."id" = ?[0m  [["id", 1]]
  [1m[35m (24.6ms)[0m  [1m[36mcommit transaction[0m
  [1m[35m (0.1ms)[0m  [1m[36mbegin transaction[0m
  [1m[36mCreditCard Destroy (2.7ms)[0m  [1m[31mDELETE FROM "credit_cards" WHERE "credit_cards"."id" = ?[0m  [["id", 2]]
  [1m[35m (14.7ms)[0m  [1m[36mcommit transaction[0m
  [1m[35m (0.1ms)[0m  [1m[36mbegin transaction[0m
  [1m[36mCreditCard Destroy (80.3ms)[0m  [1m[31mDELETE FROM "credit_cards" WHERE "credit_cards"."id" = ?[0m  [["id", 3]]
  [1m[35m (17.7ms)[0m  [1m[36mcommit transaction[0m
  [1m[35m (0.1ms)[0m  [1m[36mbegin transaction[0m
  [1m[36mCreditCard Destroy (2.2ms)[0m  [1m[31mDELETE FROM "credit_cards" WHERE "credit_cards"."id" = ?[0m  [["id", 4]]
  [1m[35m (13.3ms)[0m  [1m[36mcommit transaction[0m
  [1m[35m (0.1ms)[0m  [1m[36mbegin transaction[0m
  [1m[36mCreditCard Destroy (2.1ms)[0m  [1m[31mDELETE FROM "credit_cards" WHERE "credit_cards"."id" = ?[0m  [["id", 5]]
  [1m[35m (13.1ms)[0m  [1m[36mcommit transaction[0m
  [1m[35m (0.1ms)[0m  [1m[36mbegin transaction[0m
  [1m[36mCreditCard Destroy (1.7ms)[0m  [1m[31mDELETE FROM "credit_cards" WHERE "credit_cards"."id" = ?[0m  [["id", 6]]
  [1m[35m (13.2ms)[0m  [1m[36mcommit transaction[0m
  [1m[35m (0.2ms)[0m  [1m[36mbegin transaction[0m
  [1m[36mCreditCard Destroy (1.9ms)[0m  [1m[31mDELETE FROM "credit_cards" WHERE "credit_cards"."id" = ?[0m  [["id", 7]]
  [1m[35m (12.5ms)[0m  [1m[36mcommit transaction[0m
  [1m[35m (0.1ms)[0m  [1m[36mbegin transaction[0m
  [1m[36mCreditCard Destroy (1.8ms)[0m  [1m[31mDELETE FROM "credit_cards" WHERE "credit_cards"."id" = ?[0m  [["id", 8]]
  [1m[35m (13.3ms)[0m  [1m[36mcommit transaction[0m
  [1m[35m (0.1ms)[0m  [1m[36mbegin transaction[0m
  [1m[36mCreditCard Destroy (1.6ms)[0m  [1m[31mDELETE FROM "credit_cards" WHERE "credit_cards"."id" = ?[0m  [["id", 9]]
  [1m[35m (13.4ms)[0m  [1m[36mcommit transaction[0m
  [1m[35m (0.1ms)[0m  [1m[36mbegin transaction[0m
  [1m[36mCreditCard Destroy (1.9ms)[0m  [1m[31mDELETE FROM "credit_cards" WHERE "credit_cards"."id" = ?[0m  [["id", 10]]
  [1m[35m (11.2ms)[0m  [1m[36mcommit transaction[0m
  [1m[35m (0.1ms)[0m  [1m[36mbegin transaction[0m
  [1m[36mCustomer Create (42.5ms)[0m  [1m[32mINSERT INTO "customers" ("name", "age", "created_at", "updated_at") VALUES (?, ?, ?, ?)[0m  [["name", "Zetta Quitzon DO"], ["age", 60], ["created_at", "2020-06-25 20:03:17.413571"], ["updated_at", "2020-06-25 20:03:17.413571"]]
  [1m[35m (97.9ms)[0m  [1m[36mcommit transaction[0m
  [1m[35m (0.2ms)[0m  [1m[36mbegin transaction[0m
  [1m[36mCustomer Create (2.5ms)[0m  [1m[32mINSERT INTO "customers" ("name", "age", "created_at", "updated_at") VALUES (?, ?, ?, ?)[0m  [["name", "Ardella Mann"], ["age", 18], ["created_at", "2020-06-25 20:03:17.568563"], ["updated_at", "2020-06-25 20:03:17.568563"]]
  [1m[35m (16.0ms)[0m  [1m[36mcommit transaction[0m
  [1m[35m (0.1ms)[0m  [1m[36mbegin transaction[0m
  [1m[36mCustomer Create (2.7ms)[0m  [1m[32mINSERT INTO "customers" ("name", "age", "created_at", "updated_at") VALUES (?, ?, ?, ?)[0m  [["name", "Jonnie Grady"], ["age", 40], ["created_at", "2020-06-25 20:03:17.596190"], ["updated_at", "2020-06-25 20:03:17.596190"]]
  [1m[35m (75.2ms)[0m  [1m[36mcommit transaction[0m
  [1m[35m (0.1ms)[0m  [1m[36mbegin transaction[0m
  [1m[36mCustomer Create (3.5ms)[0m  [1m[32mINSERT INTO "customers" ("name", "age", "created_at", "updated_at") VALUES (?, ?, ?, ?)[0m  [["name", "Gena Lind Jr."], ["age", 19], ["created_at", "2020-06-25 20:03:17.683950"], ["updated_at", "2020-06-25 20:03:17.683950"]]
  [1m[35m (22.7ms)[0m  [1m[36mcommit transaction[0m
  [1m[35m (0.3ms)[0m  [1m[36mbegin transaction[0m
  [1m[36mCustomer Create (2.8ms)[0m  [1m[32mINSERT INTO "customers" ("name", "age", "created_at", "updated_at") VALUES (?, ?, ?, ?)[0m  [["name", "Latarsha Auer III"], ["age", 49], ["created_at", "2020-06-25 20:03:17.719151"], ["updated_at", "2020-06-25 20:03:17.719151"]]
  [1m[35m (131.2ms)[0m  [1m[36mcommit transaction[0m
  [1m[35m (0.1ms)[0m  [1m[36mbegin transaction[0m
  [1m[36mCustomer Create (2.2ms)[0m  [1m[32mINSERT INTO "customers" ("name", "age", "created_at", "updated_at") VALUES (?, ?, ?, ?)[0m  [["name", "Jarrett Crist"], ["age", 36], ["created_at", "2020-06-25 20:03:17.864715"], ["updated_at", "2020-06-25 20:03:17.864715"]]
  [1m[35m (14.3ms)[0m  [1m[36mcommit transaction[0m
  [1m[35m (0.1ms)[0m  [1m[36mbegin transaction[0m
  [1m[36mCustomer Create (2.2ms)[0m  [1m[32mINSERT INTO "customers" ("name", "age", "created_at", "updated_at") VALUES (?, ?, ?, ?)[0m  [["name", "Adan Senger"], ["age", 25], ["created_at", "2020-06-25 20:03:17.892226"], ["updated_at", "2020-06-25 20:03:17.892226"]]
  [1m[35m (13.9ms)[0m  [1m[36mcommit transaction[0m
  [1m[35m (0.1ms)[0m  [1m[36mbegin transaction[0m
  [1m[36mCustomer Create (5.9ms)[0m  [1m[32mINSERT INTO "customers" ("name", "age", "created_at", "updated_at") VALUES (?, ?, ?, ?)[0m  [["name", "Jocelyn Morissette II"], ["age", 26], ["created_at", "2020-06-25 20:03:17.933290"], ["updated_at", "2020-06-25 20:03:17.933290"]]
  [1m[35m (36.6ms)[0m  [1m[36mcommit transaction[0m
  [1m[35m (0.2ms)[0m  [1m[36mbegin transaction[0m
  [1m[36mCustomer Create (41.1ms)[0m  [1m[32mINSERT INTO "customers" ("name", "age", "created_at", "updated_at") VALUES (?, ?, ?, ?)[0m  [["name", "The Hon. Dorian Hammes"], ["age", 39], ["created_at", "2020-06-25 20:03:17.990102"], ["updated_at", "2020-06-25 20:03:17.990102"]]
  [1m[35m (49.0ms)[0m  [1m[36mcommit transaction[0m
  [1m[35m (0.1ms)[0m  [1m[36mbegin transaction[0m
  [1m[36mCustomer Create (2.4ms)[0m  [1m[32mINSERT INTO "customers" ("name", "age", "created_at", "updated_at") VALUES (?, ?, ?, ?)[0m  [["name", "Lavon Mohr"], ["age", 32], ["created_at", "2020-06-25 20:03:18.096021"], ["updated_at", "2020-06-25 20:03:18.096021"]]
  [1m[35m (27.2ms)[0m  [1m[36mcommit transaction[0m
  [1m[35m (0.1ms)[0m  [1m[36mbegin transaction[0m
  [1m[36mBank Create (2.0ms)[0m  [1m[32mINSERT INTO "banks" ("name", "city", "created_at", "updated_at") VALUES (?, ?, ?, ?)[0m  [["name", "AAC CAPITAL PARTNERS LIMITED"], ["city", "East Haydeeshire"], ["created_at", "2020-06-25 20:03:18.174148"], ["updated_at", "2020-06-25 20:03:18.174148"]]
  [1m[35m (21.8ms)[0m  [1m[36mcommit transaction[0m
  [1m[35m (0.2ms)[0m  [1m[36mbegin transaction[0m
  [1m[36mBank Create (1.8ms)[0m  [1m[32mINSERT INTO "banks" ("name", "city", "created_at", "updated_at") VALUES (?, ?, ?, ?)[0m  [["name", "AAC CAPITAL PARTNERS LIMITED"], ["city", "Larrystad"], ["created_at", "2020-06-25 20:03:18.208818"], ["updated_at", "2020-06-25 20:03:18.208818"]]
  [1m[35m (19.5ms)[0m  [1m[36mcommit transaction[0m
  [1m[35m (0.1ms)[0m  [1m[36mbegin transaction[0m
  [1m[36mBank Create (2.0ms)[0m  [1m[32mINSERT INTO "banks" ("name", "city", "created_at", "updated_at") VALUES (?, ?, ?, ?)[0m  [["name", "ALLIED BANK PHILIPPINES (UK) PLC"], ["city", "Lueilwitzfurt"], ["created_at", "2020-06-25 20:03:18.237890"], ["updated_at", "2020-06-25 20:03:18.237890"]]
  [1m[35m (16.4ms)[0m  [1m[36mcommit transaction[0m
  [1m[35m (0.1ms)[0m  [1m[36mbegin transaction[0m
  [1m[36mBank Create (3.4ms)[0m  [1m[32mINSERT INTO "banks" ("name", "city", "created_at", "updated_at") VALUES (?, ?, ?, ?)[0m  [["name", "ABN AMRO MEZZANINE (UK) LIMITED"], ["city", "Port Buddy"], ["created_at", "2020-06-25 20:03:18.265141"], ["updated_at", "2020-06-25 20:03:18.265141"]]
  [1m[35m (13.7ms)[0m  [1m[36mcommit transaction[0m
  [1m[35m (0.1ms)[0m  [1m[36mbegin transaction[0m
  [1m[36mBank Create (1.7ms)[0m  [1m[32mINSERT INTO "banks" ("name", "city", "created_at", "updated_at") VALUES (?, ?, ?, ?)[0m  [["name", "ABN AMRO HOARE GOVETT CORPORATE FINANCE LTD."], ["city", "O'Reillybury"], ["created_at", "2020-06-25 20:03:18.290995"], ["updated_at", "2020-06-25 20:03:18.290995"]]
  [1m[35m (12.9ms)[0m  [1m[36mcommit transaction[0m
  [1m[35m (0.1ms)[0m  [1m[36mbegin transaction[0m
  [1m[36mBank Create (2.1ms)[0m  [1m[32mINSERT INTO "banks" ("name", "city", "created_at", "updated_at") VALUES (?, ?, ?, ?)[0m  [["name", "ABN AMRO HOARE GOVETT SECURITIES"], ["city", "Lake Larry"], ["created_at", "2020-06-25 20:03:18.339747"], ["updated_at", "2020-06-25 20:03:18.339747"]]
  [1m[35m (12.4ms)[0m  [1m[36mcommit transaction[0m
  [1m[35m (0.1ms)[0m  [1m[36mbegin transaction[0m
  [1m[36mBank Create (1.8ms)[0m  [1m[32mINSERT INTO "banks" ("name", "city", "created_at", "updated_at") VALUES (?, ?, ?, ?)[0m  [["name", "ABN AMRO CORPORATE FINANCE LIMITED"], ["city", "Colbyport"], ["created_at", "2020-06-25 20:03:18.363672"], ["updated_at", "2020-06-25 20:03:18.363672"]]
  [1m[35m (14.4ms)[0m  [1m[36mcommit transaction[0m
  [1m[35m (0.1ms)[0m  [1m[36mbegin transaction[0m
  [1m[36mBank Create (2.2ms)[0m  [1m[32mINSERT INTO "banks" ("name", "city", "created_at", "updated_at") VALUES (?, ?, ?, ?)[0m  [["name", "ABN AMRO CORPORATE FINANCE LIMITED"], ["city", "Stehrburgh"], ["created_at", "2020-06-25 20:03:18.397140"], ["updated_at", "2020-06-25 20:03:18.397140"]]
  [1m[35m (12.8ms)[0m  [1m[36mcommit transaction[0m
  [1m[35m (0.4ms)[0m  [1m[36mbegin transaction[0m
  [1m[36mBank Create (1.9ms)[0m  [1m[32mINSERT INTO "banks" ("name", "city", "created_at", "updated_at") VALUES (?, ?, ?, ?)[0m  [["name", "THE ROYAL BANK OF SCOTLAND PLC (FORMER RBS NV)"], ["city", "Veraville"], ["created_at", "2020-06-25 20:03:18.419321"], ["updated_at", "2020-06-25 20:03:18.419321"]]
  [1m[35m (14.7ms)[0m  [1m[36mcommit transaction[0m
  [1m[35m (0.1ms)[0m  [1m[36mbegin transaction[0m
  [1m[36mBank Create (3.9ms)[0m  [1m[32mINSERT INTO "banks" ("name", "city", "created_at", "updated_at") VALUES (?, ?, ?, ?)[0m  [["name", "ALLIED BANK PHILIPPINES (UK) PLC"], ["city", "North Ianshire"], ["created_at", "2020-06-25 20:03:18.443349"], ["updated_at", "2020-06-25 20:03:18.443349"]]
  [1m[35m (14.4ms)[0m  [1m[36mcommit transaction[0m
  [1m[36mCustomer Load (0.7ms)[0m  [1m[34mSELECT "customers".* FROM "customers"[0m
  [1m[36mBank Load (0.6ms)[0m  [1m[34mSELECT "banks".* FROM "banks"[0m
  [1m[35m (0.1ms)[0m  [1m[36mbegin transaction[0m
  [1m[36mCreditCard Create (2.0ms)[0m  [1m[32mINSERT INTO "credit_cards" ("card_name", "customer_id", "bank_id", "created_at", "updated_at") VALUES (?, ?, ?, ?, ?)[0m  [["card_name", "lemon"], ["customer_id", 26], ["bank_id", 18], ["created_at", "2020-06-25 20:03:18.481929"], ["updated_at", "2020-06-25 20:03:18.481929"]]
  [1m[35m (13.0ms)[0m  [1m[36mcommit transaction[0m
  [1m[36mCustomer Load (0.5ms)[0m  [1m[34mSELECT "customers".* FROM "customers"[0m
  [1m[36mBank Load (0.6ms)[0m  [1m[34mSELECT "banks".* FROM "banks"[0m
  [1m[35m (0.1ms)[0m  [1m[36mbegin transaction[0m
  [1m[36mCreditCard Create (3.0ms)[0m  [1m[32mINSERT INTO "credit_cards" ("card_name", "customer_id", "bank_id", "created_at", "updated_at") VALUES (?, ?, ?, ?, ?)[0m  [["card_name", "jade"], ["customer_id", 28], ["bank_id", 19], ["created_at", "2020-06-25 20:03:18.514321"], ["updated_at", "2020-06-25 20:03:18.514321"]]
  [1m[35m (13.3ms)[0m  [1m[36mcommit transaction[0m
  [1m[36mCustomer Load (0.6ms)[0m  [1m[34mSELECT "customers".* FROM "customers"[0m
  [1m[36mBank Load (0.5ms)[0m  [1m[34mSELECT "banks".* FROM "banks"[0m
  [1m[35m (0.1ms)[0m  [1m[36mbegin transaction[0m
  [1m[36mCreditCard Create (1.9ms)[0m  [1m[32mINSERT INTO "credit_cards" ("card_name", "customer_id", "bank_id", "created_at", "updated_at") VALUES (?, ?, ?, ?, ?)[0m  [["card_name", "byzantium"], ["customer_id", 10], ["bank_id", 8], ["created_at", "2020-06-25 20:03:18.547959"], ["updated_at", "2020-06-25 20:03:18.547959"]]
  [1m[35m (15.1ms)[0m  [1m[36mcommit transaction[0m
  [1m[36mCustomer Load (0.5ms)[0m  [1m[34mSELECT "customers".* FROM "customers"[0m
  [1m[36mBank Load (0.5ms)[0m  [1m[34mSELECT "banks".* FROM "banks"[0m
  [1m[35m (0.1ms)[0m  [1m[36mbegin transaction[0m
  [1m[36mCreditCard Create (2.1ms)[0m  [1m[32mINSERT INTO "credit_cards" ("card_name", "customer_id", "bank_id", "created_at", "updated_at") VALUES (?, ?, ?, ?, ?)[0m  [["card_name", "gold"], ["customer_id", 13], ["bank_id", 7], ["created_at", "2020-06-25 20:03:18.585539"], ["updated_at", "2020-06-25 20:03:18.585539"]]
  [1m[35m (13.7ms)[0m  [1m[36mcommit transaction[0m
  [1m[36mCustomer Load (0.6ms)[0m  [1m[34mSELECT "customers".* FROM "customers"[0m
  [1m[36mBank Load (0.6ms)[0m  [1m[34mSELECT "banks".* FROM "banks"[0m
  [1m[35m (0.1ms)[0m  [1m[36mbegin transaction[0m
  [1m[36mCreditCard Create (1.8ms)[0m  [1m[32mINSERT INTO "credit_cards" ("card_name", "customer_id", "bank_id", "created_at", "updated_at") VALUES (?, ?, ?, ?, ?)[0m  [["card_name", "magenta"], ["customer_id", 20], ["bank_id", 14], ["created_at", "2020-06-25 20:03:18.616948"], ["updated_at", "2020-06-25 20:03:18.616948"]]
  [1m[35m (13.7ms)[0m  [1m[36mcommit transaction[0m
  [1m[36mCustomer Load (0.5ms)[0m  [1m[34mSELECT "customers".* FROM "customers"[0m
  [1m[36mBank Load (0.5ms)[0m  [1m[34mSELECT "banks".* FROM "banks"[0m
  [1m[35m (0.1ms)[0m  [1m[36mbegin transaction[0m
  [1m[36mCreditCard Create (1.7ms)[0m  [1m[32mINSERT INTO "credit_cards" ("card_name", "customer_id", "bank_id", "created_at", "updated_at") VALUES (?, ?, ?, ?, ?)[0m  [["card_name", "champagne"], ["customer_id", 16], ["bank_id", 19], ["created_at", "2020-06-25 20:03:18.648372"], ["updated_at", "2020-06-25 20:03:18.648372"]]
  [1m[35m (12.2ms)[0m  [1m[36mcommit transaction[0m
  [1m[36mCustomer Load (0.5ms)[0m  [1m[34mSELECT "customers".* FROM "customers"[0m
  [1m[36mBank Load (0.5ms)[0m  [1m[34mSELECT "banks".* FROM "banks"[0m
  [1m[35m (0.1ms)[0m  [1m[36mbegin transaction[0m
  [1m[36mCreditCard Create (2.5ms)[0m  [1m[32mINSERT INTO "credit_cards" ("card_name", "customer_id", "bank_id", "created_at", "updated_at") VALUES (?, ?, ?, ?, ?)[0m  [["card_name", "amethyst"], ["customer_id", 27], ["bank_id", 13], ["created_at", "2020-06-25 20:03:18.678091"], ["updated_at", "2020-06-25 20:03:18.678091"]]
  [1m[35m (14.0ms)[0m  [1m[36mcommit transaction[0m
  [1m[36mCustomer Load (0.6ms)[0m  [1m[34mSELECT "customers".* FROM "customers"[0m
  [1m[36mBank Load (0.5ms)[0m  [1m[34mSELECT "banks".* FROM "banks"[0m
  [1m[35m (0.1ms)[0m  [1m[36mbegin transaction[0m
  [1m[36mCreditCard Create (1.8ms)[0m  [1m[32mINSERT INTO "credit_cards" ("card_name", "customer_id", "bank_id", "created_at", "updated_at") VALUES (?, ?, ?, ?, ?)[0m  [["card_name", "ruby"], ["customer_id", 20], ["bank_id", 20], ["created_at", "2020-06-25 20:03:18.713750"], ["updated_at", "2020-06-25 20:03:18.713750"]]
  [1m[35m (13.8ms)[0m  [1m[36mcommit transaction[0m
  [1m[36mCustomer Load (0.5ms)[0m  [1m[34mSELECT "customers".* FROM "customers"[0m
  [1m[36mBank Load (0.6ms)[0m  [1m[34mSELECT "banks".* FROM "banks"[0m
  [1m[35m (0.1ms)[0m  [1m[36mbegin transaction[0m
  [1m[36mCreditCard Create (1.9ms)[0m  [1m[32mINSERT INTO "credit_cards" ("card_name", "customer_id", "bank_id", "created_at", "updated_at") VALUES (?, ?, ?, ?, ?)[0m  [["card_name", "lime"], ["customer_id", 5], ["bank_id", 3], ["created_at", "2020-06-25 20:03:18.747899"], ["updated_at", "2020-06-25 20:03:18.747899"]]
  [1m[35m (14.4ms)[0m  [1m[36mcommit transaction[0m
  [1m[36mCustomer Load (0.8ms)[0m  [1m[34mSELECT "customers".* FROM "customers"[0m
  [1m[36mBank Load (0.5ms)[0m  [1m[34mSELECT "banks".* FROM "banks"[0m
  [1m[35m (0.1ms)[0m  [1m[36mbegin transaction[0m
  [1m[36mCreditCard Create (1.6ms)[0m  [1m[32mINSERT INTO "credit_cards" ("card_name", "customer_id", "bank_id", "created_at", "updated_at") VALUES (?, ?, ?, ?, ?)[0m  [["card_name", "puce"], ["customer_id", 29], ["bank_id", 7], ["created_at", "2020-06-25 20:03:18.780821"], ["updated_at", "2020-06-25 20:03:18.780821"]]
  [1m[35m (12.6ms)[0m  [1m[36mcommit transaction[0m
  [1m[35m (0.9ms)[0m  [1m[34mSELECT sqlite_version(*)[0m
  [1m[35m (0.5ms)[0m  [1m[34mSELECT "schema_migrations"."version" FROM "schema_migrations" ORDER BY "schema_migrations"."version" ASC[0m
  [1m[35m (0.2ms)[0m  [1m[34mSELECT sqlite_version(*)[0m
  [1m[36mCustomer Load (0.8ms)[0m  [1m[34mSELECT "customers".* FROM "customers"[0m
  [1m[35m (0.2ms)[0m  [1m[36mbegin transaction[0m
  [1m[36mCustomer Destroy (2.3ms)[0m  [1m[31mDELETE FROM "customers" WHERE "customers"."id" = ?[0m  [["id", 1]]
  [1m[35m (13.5ms)[0m  [1m[36mcommit transaction[0m
  [1m[35m (0.1ms)[0m  [1m[36mbegin transaction[0m
  [1m[36mCustomer Destroy (1.9ms)[0m  [1m[31mDELETE FROM "customers" WHERE "customers"."id" = ?[0m  [["id", 2]]
  [1m[35m (17.7ms)[0m  [1m[36mcommit transaction[0m
  [1m[35m (0.1ms)[0m  [1m[36mbegin transaction[0m
  [1m[36mCustomer Destroy (1.9ms)[0m  [1m[31mDELETE FROM "customers" WHERE "customers"."id" = ?[0m  [["id", 3]]
  [1m[35m (14.4ms)[0m  [1m[36mcommit transaction[0m
  [1m[35m (0.1ms)[0m  [1m[36mbegin transaction[0m
  [1m[36mCustomer Destroy (1.7ms)[0m  [1m[31mDELETE FROM "customers" WHERE "customers"."id" = ?[0m  [["id", 4]]
  [1m[35m (13.5ms)[0m  [1m[36mcommit transaction[0m
  [1m[35m (0.1ms)[0m  [1m[36mbegin transaction[0m
  [1m[36mCustomer Destroy (4.3ms)[0m  [1m[31mDELETE FROM "customers" WHERE "customers"."id" = ?[0m  [["id", 5]]
  [1m[35m (18.1ms)[0m  [1m[36mcommit transaction[0m
  [1m[35m (0.1ms)[0m  [1m[36mbegin transaction[0m
  [1m[36mCustomer Destroy (1.8ms)[0m  [1m[31mDELETE FROM "customers" WHERE "customers"."id" = ?[0m  [["id", 6]]
  [1m[35m (13.2ms)[0m  [1m[36mcommit transaction[0m
  [1m[35m (0.1ms)[0m  [1m[36mbegin transaction[0m
  [1m[36mCustomer Destroy (2.8ms)[0m  [1m[31mDELETE FROM "customers" WHERE "customers"."id" = ?[0m  [["id", 7]]
  [1m[35m (14.0ms)[0m  [1m[36mcommit transaction[0m
  [1m[35m (2.7ms)[0m  [1m[36mbegin transaction[0m
  [1m[36mCustomer Destroy (2.1ms)[0m  [1m[31mDELETE FROM "customers" WHERE "customers"."id" = ?[0m  [["id", 8]]
  [1m[35m (10.2ms)[0m  [1m[36mcommit transaction[0m
  [1m[35m (0.1ms)[0m  [1m[36mbegin transaction[0m
  [1m[36mCustomer Destroy (1.6ms)[0m  [1m[31mDELETE FROM "customers" WHERE "customers"."id" = ?[0m  [["id", 9]]
  [1m[35m (13.3ms)[0m  [1m[36mcommit transaction[0m
  [1m[35m (0.1ms)[0m  [1m[36mbegin transaction[0m
  [1m[36mCustomer Destroy (1.8ms)[0m  [1m[31mDELETE FROM "customers" WHERE "customers"."id" = ?[0m  [["id", 10]]
  [1m[35m (13.2ms)[0m  [1m[36mcommit transaction[0m
  [1m[35m (0.1ms)[0m  [1m[36mbegin transaction[0m
  [1m[36mCustomer Destroy (1.9ms)[0m  [1m[31mDELETE FROM "customers" WHERE "customers"."id" = ?[0m  [["id", 11]]
  [1m[35m (10.8ms)[0m  [1m[36mcommit transaction[0m
  [1m[35m (0.1ms)[0m  [1m[36mbegin transaction[0m
  [1m[36mCustomer Destroy (1.7ms)[0m  [1m[31mDELETE FROM "customers" WHERE "customers"."id" = ?[0m  [["id", 12]]
  [1m[35m (13.8ms)[0m  [1m[36mcommit transaction[0m
  [1m[35m (0.1ms)[0m  [1m[36mbegin transaction[0m
  [1m[36mCustomer Destroy (1.7ms)[0m  [1m[31mDELETE FROM "customers" WHERE "customers"."id" = ?[0m  [["id", 13]]
  [1m[35m (14.9ms)[0m  [1m[36mcommit transaction[0m
  [1m[35m (0.1ms)[0m  [1m[36mbegin transaction[0m
  [1m[36mCustomer Destroy (1.8ms)[0m  [1m[31mDELETE FROM "customers" WHERE "customers"."id" = ?[0m  [["id", 14]]
  [1m[35m (12.3ms)[0m  [1m[36mcommit transaction[0m
  [1m[35m (0.1ms)[0m  [1m[36mbegin transaction[0m
  [1m[36mCustomer Destroy (2.0ms)[0m  [1m[31mDELETE FROM "customers" WHERE "customers"."id" = ?[0m  [["id", 15]]
  [1m[35m (12.4ms)[0m  [1m[36mcommit transaction[0m
  [1m[35m (0.1ms)[0m  [1m[36mbegin transaction[0m
  [1m[36mCustomer Destroy (1.7ms)[0m  [1m[31mDELETE FROM "customers" WHERE "customers"."id" = ?[0m  [["id", 16]]
  [1m[35m (14.4ms)[0m  [1m[36mcommit transaction[0m
  [1m[35m (0.1ms)[0m  [1m[36mbegin transaction[0m
  [1m[36mCustomer Destroy (3.3ms)[0m  [1m[31mDELETE FROM "customers" WHERE "customers"."id" = ?[0m  [["id", 17]]
  [1m[35m (20.2ms)[0m  [1m[36mcommit transaction[0m
  [1m[35m (0.1ms)[0m  [1m[36mbegin transaction[0m
  [1m[36mCustomer Destroy (1.4ms)[0m  [1m[31mDELETE FROM "customers" WHERE "customers"."id" = ?[0m  [["id", 18]]
  [1m[35m (13.9ms)[0m  [1m[36mcommit transaction[0m
  [1m[35m (0.1ms)[0m  [1m[36mbegin transaction[0m
  [1m[36mCustomer Destroy (1.6ms)[0m  [1m[31mDELETE FROM "customers" WHERE "customers"."id" = ?[0m  [["id", 19]]
  [1m[35m (12.5ms)[0m  [1m[36mcommit transaction[0m
  [1m[35m (0.1ms)[0m  [1m[36mbegin transaction[0m
  [1m[36mCustomer Destroy (1.5ms)[0m  [1m[31mDELETE FROM "customers" WHERE "customers"."id" = ?[0m  [["id", 20]]
  [1m[35m (22.2ms)[0m  [1m[36mcommit transaction[0m
  [1m[35m (0.1ms)[0m  [1m[36mbegin transaction[0m
  [1m[36mCustomer Destroy (1.8ms)[0m  [1m[31mDELETE FROM "customers" WHERE "customers"."id" = ?[0m  [["id", 21]]
  [1m[35m (14.7ms)[0m  [1m[36mcommit transaction[0m
  [1m[35m (0.1ms)[0m  [1m[36mbegin transaction[0m
  [1m[36mCustomer Destroy (1.9ms)[0m  [1m[31mDELETE FROM "customers" WHERE "customers"."id" = ?[0m  [["id", 22]]
  [1m[35m (16.2ms)[0m  [1m[36mcommit transaction[0m
  [1m[35m (0.1ms)[0m  [1m[36mbegin transaction[0m
  [1m[36mCustomer Destroy (1.7ms)[0m  [1m[31mDELETE FROM "customers" WHERE "customers"."id" = ?[0m  [["id", 23]]
  [1m[35m (14.2ms)[0m  [1m[36mcommit transaction[0m
  [1m[35m (0.1ms)[0m  [1m[36mbegin transaction[0m
  [1m[36mCustomer Destroy (1.8ms)[0m  [1m[31mDELETE FROM "customers" WHERE "customers"."id" = ?[0m  [["id", 24]]
  [1m[35m (13.0ms)[0m  [1m[36mcommit transaction[0m
  [1m[35m (0.1ms)[0m  [1m[36mbegin transaction[0m
  [1m[36mCustomer Destroy (1.6ms)[0m  [1m[31mDELETE FROM "customers" WHERE "customers"."id" = ?[0m  [["id", 25]]
  [1m[35m (16.3ms)[0m  [1m[36mcommit transaction[0m
  [1m[35m (0.1ms)[0m  [1m[36mbegin transaction[0m
  [1m[36mCustomer Destroy (2.0ms)[0m  [1m[31mDELETE FROM "customers" WHERE "customers"."id" = ?[0m  [["id", 26]]
  [1m[35m (12.5ms)[0m  [1m[36mcommit transaction[0m
  [1m[35m (0.1ms)[0m  [1m[36mbegin transaction[0m
  [1m[36mCustomer Destroy (1.7ms)[0m  [1m[31mDELETE FROM "customers" WHERE "customers"."id" = ?[0m  [["id", 27]]
  [1m[35m (12.6ms)[0m  [1m[36mcommit transaction[0m
  [1m[35m (0.2ms)[0m  [1m[36mbegin transaction[0m
  [1m[36mCustomer Destroy (1.5ms)[0m  [1m[31mDELETE FROM "customers" WHERE "customers"."id" = ?[0m  [["id", 28]]
  [1m[35m (83.5ms)[0m  [1m[36mcommit transaction[0m
  [1m[35m (0.1ms)[0m  [1m[36mbegin transaction[0m
  [1m[36mCustomer Destroy (4.0ms)[0m  [1m[31mDELETE FROM "customers" WHERE "customers"."id" = ?[0m  [["id", 29]]
  [1m[35m (17.2ms)[0m  [1m[36mcommit transaction[0m
  [1m[35m (0.1ms)[0m  [1m[36mbegin transaction[0m
  [1m[36mCustomer Destroy (1.8ms)[0m  [1m[31mDELETE FROM "customers" WHERE "customers"."id" = ?[0m  [["id", 30]]
  [1m[35m (13.4ms)[0m  [1m[36mcommit transaction[0m
  [1m[36mBank Load (1.3ms)[0m  [1m[34mSELECT "banks".* FROM "banks"[0m
  [1m[35m (0.1ms)[0m  [1m[36mbegin transaction[0m
  [1m[36mBank Destroy (1.7ms)[0m  [1m[31mDELETE FROM "banks" WHERE "banks"."id" = ?[0m  [["id", 1]]
  [1m[35m (15.0ms)[0m  [1m[36mcommit transaction[0m
  [1m[35m (0.1ms)[0m  [1m[36mbegin transaction[0m
  [1m[36mBank Destroy (1.8ms)[0m  [1m[31mDELETE FROM "banks" WHERE "banks"."id" = ?[0m  [["id", 2]]
  [1m[35m (14.5ms)[0m  [1m[36mcommit transaction[0m
  [1m[35m (0.1ms)[0m  [1m[36mbegin transaction[0m
  [1m[36mBank Destroy (1.9ms)[0m  [1m[31mDELETE FROM "banks" WHERE "banks"."id" = ?[0m  [["id", 3]]
  [1m[35m (19.4ms)[0m  [1m[36mcommit transaction[0m
  [1m[35m (0.1ms)[0m  [1m[36mbegin transaction[0m
  [1m[36mBank Destroy (2.4ms)[0m  [1m[31mDELETE FROM "banks" WHERE "banks"."id" = ?[0m  [["id", 4]]
  [1m[35m (20.7ms)[0m  [1m[36mcommit transaction[0m
  [1m[35m (0.1ms)[0m  [1m[36mbegin transaction[0m
  [1m[36mBank Destroy (1.9ms)[0m  [1m[31mDELETE FROM "banks" WHERE "banks"."id" = ?[0m  [["id", 5]]
  [1m[35m (14.6ms)[0m  [1m[36mcommit transaction[0m
  [1m[35m (0.2ms)[0m  [1m[36mbegin transaction[0m
  [1m[36mBank Destroy (18.0ms)[0m  [1m[31mDELETE FROM "banks" WHERE "banks"."id" = ?[0m  [["id", 6]]
  [1m[35m (14.2ms)[0m  [1m[36mcommit transaction[0m
  [1m[35m (0.1ms)[0m  [1m[36mbegin transaction[0m
  [1m[36mBank Destroy (1.7ms)[0m  [1m[31mDELETE FROM "banks" WHERE "banks"."id" = ?[0m  [["id", 7]]
  [1m[35m (14.0ms)[0m  [1m[36mcommit transaction[0m
  [1m[35m (0.1ms)[0m  [1m[36mbegin transaction[0m
  [1m[36mBank Destroy (1.9ms)[0m  [1m[31mDELETE FROM "banks" WHERE "banks"."id" = ?[0m  [["id", 8]]
  [1m[35m (13.7ms)[0m  [1m[36mcommit transaction[0m
  [1m[35m (0.1ms)[0m  [1m[36mbegin transaction[0m
  [1m[36mBank Destroy (12.5ms)[0m  [1m[31mDELETE FROM "banks" WHERE "banks"."id" = ?[0m  [["id", 9]]
  [1m[35m (66.9ms)[0m  [1m[36mcommit transaction[0m
  [1m[35m (0.1ms)[0m  [1m[36mbegin transaction[0m
  [1m[36mBank Destroy (3.0ms)[0m  [1m[31mDELETE FROM "banks" WHERE "banks"."id" = ?[0m  [["id", 10]]
  [1m[35m (14.4ms)[0m  [1m[36mcommit transaction[0m
  [1m[35m (0.1ms)[0m  [1m[36mbegin transaction[0m
  [1m[36mBank Destroy (1.7ms)[0m  [1m[31mDELETE FROM "banks" WHERE "banks"."id" = ?[0m  [["id", 11]]
  [1m[35m (76.6ms)[0m  [1m[36mcommit transaction[0m
  [1m[35m (0.1ms)[0m  [1m[36mbegin transaction[0m
  [1m[36mBank Destroy (2.9ms)[0m  [1m[31mDELETE FROM "banks" WHERE "banks"."id" = ?[0m  [["id", 12]]
  [1m[35m (16.3ms)[0m  [1m[36mcommit transaction[0m
  [1m[35m (0.1ms)[0m  [1m[36mbegin transaction[0m
  [1m[36mBank Destroy (2.8ms)[0m  [1m[31mDELETE FROM "banks" WHERE "banks"."id" = ?[0m  [["id", 13]]
  [1m[35m (20.1ms)[0m  [1m[36mcommit transaction[0m
  [1m[35m (0.1ms)[0m  [1m[36mbegin transaction[0m
  [1m[36mBank Destroy (2.2ms)[0m  [1m[31mDELETE FROM "banks" WHERE "banks"."id" = ?[0m  [["id", 14]]
  [1m[35m (54.2ms)[0m  [1m[36mcommit transaction[0m
  [1m[35m (0.1ms)[0m  [1m[36mbegin transaction[0m
  [1m[36mBank Destroy (4.6ms)[0m  [1m[31mDELETE FROM "banks" WHERE "banks"."id" = ?[0m  [["id", 15]]
  [1m[35m (20.7ms)[0m  [1m[36mcommit transaction[0m
  [1m[35m (0.1ms)[0m  [1m[36mbegin transaction[0m
  [1m[36mBank Destroy (2.0ms)[0m  [1m[31mDELETE FROM "banks" WHERE "banks"."id" = ?[0m  [["id", 16]]
  [1m[35m (50.7ms)[0m  [1m[36mcommit transaction[0m
  [1m[35m (0.1ms)[0m  [1m[36mbegin transaction[0m
  [1m[36mBank Destroy (1.7ms)[0m  [1m[31mDELETE FROM "banks" WHERE "banks"."id" = ?[0m  [["id", 17]]
  [1m[35m (15.9ms)[0m  [1m[36mcommit transaction[0m
  [1m[35m (0.1ms)[0m  [1m[36mbegin transaction[0m
  [1m[36mBank Destroy (1.8ms)[0m  [1m[31mDELETE FROM "banks" WHERE "banks"."id" = ?[0m  [["id", 18]]
  [1m[35m (40.6ms)[0m  [1m[36mcommit transaction[0m
  [1m[35m (0.1ms)[0m  [1m[36mbegin transaction[0m
  [1m[36mBank Destroy (1.8ms)[0m  [1m[31mDELETE FROM "banks" WHERE "banks"."id" = ?[0m  [["id", 19]]
  [1m[35m (14.3ms)[0m  [1m[36mcommit transaction[0m
  [1m[35m (0.1ms)[0m  [1m[36mbegin transaction[0m
  [1m[36mBank Destroy (2.2ms)[0m  [1m[31mDELETE FROM "banks" WHERE "banks"."id" = ?[0m  [["id", 20]]
  [1m[35m (24.0ms)[0m  [1m[36mcommit transaction[0m
  [1m[36mCreditCard Load (0.6ms)[0m  [1m[34mSELECT "credit_cards".* FROM "credit_cards"[0m
  [1m[35m (0.1ms)[0m  [1m[36mbegin transaction[0m
  [1m[36mCreditCard Destroy (1.7ms)[0m  [1m[31mDELETE FROM "credit_cards" WHERE "credit_cards"."id" = ?[0m  [["id", 11]]
  [1m[35m (16.9ms)[0m  [1m[36mcommit transaction[0m
  [1m[35m (0.2ms)[0m  [1m[36mbegin transaction[0m
  [1m[36mCreditCard Destroy (1.8ms)[0m  [1m[31mDELETE FROM "credit_cards" WHERE "credit_cards"."id" = ?[0m  [["id", 12]]
  [1m[35m (36.9ms)[0m  [1m[36mcommit transaction[0m
  [1m[35m (0.1ms)[0m  [1m[36mbegin transaction[0m
  [1m[36mCreditCard Destroy (1.6ms)[0m  [1m[31mDELETE FROM "credit_cards" WHERE "credit_cards"."id" = ?[0m  [["id", 13]]
  [1m[35m (13.7ms)[0m  [1m[36mcommit transaction[0m
  [1m[35m (0.2ms)[0m  [1m[36mbegin transaction[0m
  [1m[36mCreditCard Destroy (2.7ms)[0m  [1m[31mDELETE FROM "credit_cards" WHERE "credit_cards"."id" = ?[0m  [["id", 14]]
  [1m[35m (52.7ms)[0m  [1m[36mcommit transaction[0m
  [1m[35m (0.1ms)[0m  [1m[36mbegin transaction[0m
  [1m[36mCreditCard Destroy (1.7ms)[0m  [1m[31mDELETE FROM "credit_cards" WHERE "credit_cards"."id" = ?[0m  [["id", 15]]
  [1m[35m (18.1ms)[0m  [1m[36mcommit transaction[0m
  [1m[35m (0.1ms)[0m  [1m[36mbegin transaction[0m
  [1m[36mCreditCard Destroy (1.8ms)[0m  [1m[31mDELETE FROM "credit_cards" WHERE "credit_cards"."id" = ?[0m  [["id", 16]]
  [1m[35m (16.0ms)[0m  [1m[36mcommit transaction[0m
  [1m[35m (0.1ms)[0m  [1m[36mbegin transaction[0m
  [1m[36mCreditCard Destroy (2.5ms)[0m  [1m[31mDELETE FROM "credit_cards" WHERE "credit_cards"."id" = ?[0m  [["id", 17]]
  [1m[35m (16.3ms)[0m  [1m[36mcommit transaction[0m
  [1m[35m (0.2ms)[0m  [1m[36mbegin transaction[0m
  [1m[36mCreditCard Destroy (1.8ms)[0m  [1m[31mDELETE FROM "credit_cards" WHERE "credit_cards"."id" = ?[0m  [["id", 18]]
  [1m[35m (13.6ms)[0m  [1m[36mcommit transaction[0m
  [1m[35m (0.1ms)[0m  [1m[36mbegin transaction[0m
  [1m[36mCreditCard Destroy (1.9ms)[0m  [1m[31mDELETE FROM "credit_cards" WHERE "credit_cards"."id" = ?[0m  [["id", 19]]
  [1m[35m (15.4ms)[0m  [1m[36mcommit transaction[0m
  [1m[35m (0.1ms)[0m  [1m[36mbegin transaction[0m
  [1m[36mCreditCard Destroy (1.9ms)[0m  [1m[31mDELETE FROM "credit_cards" WHERE "credit_cards"."id" = ?[0m  [["id", 20]]
  [1m[35m (14.5ms)[0m  [1m[36mcommit transaction[0m
  [1m[35m (0.1ms)[0m  [1m[36mbegin transaction[0m
  [1m[36mCustomer Create (2.1ms)[0m  [1m[32mINSERT INTO "customers" ("name", "age", "created_at", "updated_at") VALUES (?, ?, ?, ?)[0m  [["name", "Isreal Halvorson JD"], ["age", 37], ["created_at", "2020-06-25 20:04:37.332354"], ["updated_at", "2020-06-25 20:04:37.332354"]]
  [1m[35m (13.9ms)[0m  [1m[36mcommit transaction[0m
  [1m[35m (0.1ms)[0m  [1m[36mbegin transaction[0m
  [1m[36mCustomer Create (3.7ms)[0m  [1m[32mINSERT INTO "customers" ("name", "age", "created_at", "updated_at") VALUES (?, ?, ?, ?)[0m  [["name", "Kiara Boehm"], ["age", 45], ["created_at", "2020-06-25 20:04:37.356812"], ["updated_at", "2020-06-25 20:04:37.356812"]]
  [1m[35m (17.8ms)[0m  [1m[36mcommit transaction[0m
  [1m[35m (0.1ms)[0m  [1m[36mbegin transaction[0m
  [1m[36mCustomer Create (2.7ms)[0m  [1m[32mINSERT INTO "customers" ("name", "age", "created_at", "updated_at") VALUES (?, ?, ?, ?)[0m  [["name", "Kamilah Feeney"], ["age", 32], ["created_at", "2020-06-25 20:04:37.388187"], ["updated_at", "2020-06-25 20:04:37.388187"]]
  [1m[35m (13.4ms)[0m  [1m[36mcommit transaction[0m
  [1m[35m (0.2ms)[0m  [1m[36mbegin transaction[0m
  [1m[36mCustomer Create (4.1ms)[0m  [1m[32mINSERT INTO "customers" ("name", "age", "created_at", "updated_at") VALUES (?, ?, ?, ?)[0m  [["name", "Shizue Buckridge II"], ["age", 35], ["created_at", "2020-06-25 20:04:37.415070"], ["updated_at", "2020-06-25 20:04:37.415070"]]
  [1m[35m (14.0ms)[0m  [1m[36mcommit transaction[0m
  [1m[35m (0.1ms)[0m  [1m[36mbegin transaction[0m
  [1m[36mCustomer Create (2.5ms)[0m  [1m[32mINSERT INTO "customers" ("name", "age", "created_at", "updated_at") VALUES (?, ?, ?, ?)[0m  [["name", "Eustolia Walker VM"], ["age", 52], ["created_at", "2020-06-25 20:04:37.443280"], ["updated_at", "2020-06-25 20:04:37.443280"]]
  [1m[35m (13.4ms)[0m  [1m[36mcommit transaction[0m
  [1m[35m (0.1ms)[0m  [1m[36mbegin transaction[0m
  [1m[36mCustomer Create (6.5ms)[0m  [1m[32mINSERT INTO "customers" ("name", "age", "created_at", "updated_at") VALUES (?, ?, ?, ?)[0m  [["name", "Georgiann Lemke"], ["age", 57], ["created_at", "2020-06-25 20:04:37.470380"], ["updated_at", "2020-06-25 20:04:37.470380"]]
  [1m[35m (20.4ms)[0m  [1m[36mcommit transaction[0m
  [1m[35m (0.1ms)[0m  [1m[36mbegin transaction[0m
  [1m[36mCustomer Create (2.6ms)[0m  [1m[32mINSERT INTO "customers" ("name", "age", "created_at", "updated_at") VALUES (?, ?, ?, ?)[0m  [["name", "Clemente Johnston"], ["age", 30], ["created_at", "2020-06-25 20:04:37.504941"], ["updated_at", "2020-06-25 20:04:37.504941"]]
  [1m[35m (18.4ms)[0m  [1m[36mcommit transaction[0m
  [1m[35m (0.1ms)[0m  [1m[36mbegin transaction[0m
  [1m[36mCustomer Create (2.4ms)[0m  [1m[32mINSERT INTO "customers" ("name", "age", "created_at", "updated_at") VALUES (?, ?, ?, ?)[0m  [["name", "Felipe Kihn"], ["age", 21], ["created_at", "2020-06-25 20:04:37.536507"], ["updated_at", "2020-06-25 20:04:37.536507"]]
  [1m[35m (24.0ms)[0m  [1m[36mcommit transaction[0m
  [1m[35m (0.1ms)[0m  [1m[36mbegin transaction[0m
  [1m[36mCustomer Create (1.9ms)[0m  [1m[32mINSERT INTO "customers" ("name", "age", "created_at", "updated_at") VALUES (?, ?, ?, ?)[0m  [["name", "Niki Koss"], ["age", 47], ["created_at", "2020-06-25 20:04:37.571587"], ["updated_at", "2020-06-25 20:04:37.571587"]]
  [1m[35m (19.2ms)[0m  [1m[36mcommit transaction[0m
  [1m[35m (0.2ms)[0m  [1m[36mbegin transaction[0m
  [1m[36mCustomer Create (1.9ms)[0m  [1m[32mINSERT INTO "customers" ("name", "age", "created_at", "updated_at") VALUES (?, ?, ?, ?)[0m  [["name", "Noah Morissette MD"], ["age", 55], ["created_at", "2020-06-25 20:04:37.603382"], ["updated_at", "2020-06-25 20:04:37.603382"]]
  [1m[35m (17.0ms)[0m  [1m[36mcommit transaction[0m
  [1m[35m (0.1ms)[0m  [1m[36mbegin transaction[0m
  [1m[36mBank Create (1.7ms)[0m  [1m[32mINSERT INTO "banks" ("name", "city", "created_at", "updated_at") VALUES (?, ?, ?, ?)[0m  [["name", "ABN AMRO QUOTED INVESTMENTS (UK) LIMITED"], ["city", "Lindseyburgh"], ["created_at", "2020-06-25 20:04:37.633182"], ["updated_at", "2020-06-25 20:04:37.633182"]]
  [1m[35m (16.7ms)[0m  [1m[36mcommit transaction[0m
  [1m[35m (0.1ms)[0m  [1m[36mbegin transaction[0m
  [1m[36mBank Create (2.1ms)[0m  [1m[32mINSERT INTO "banks" ("name", "city", "created_at", "updated_at") VALUES (?, ?, ?, ?)[0m  [["name", "ABC INTERNATIONAL BANK PLC"], ["city", "New Milfordburgh"], ["created_at", "2020-06-25 20:04:37.662532"], ["updated_at", "2020-06-25 20:04:37.662532"]]
  [1m[35m (38.9ms)[0m  [1m[36mcommit transaction[0m
  [1m[35m (0.1ms)[0m  [1m[36mbegin transaction[0m
  [1m[36mBank Create (2.2ms)[0m  [1m[32mINSERT INTO "banks" ("name", "city", "created_at", "updated_at") VALUES (?, ?, ?, ?)[0m  [["name", "ABC INTERNATIONAL BANK PLC"], ["city", "Lake Alonzo"], ["created_at", "2020-06-25 20:04:37.713536"], ["updated_at", "2020-06-25 20:04:37.713536"]]
  [1m[35m (13.2ms)[0m  [1m[36mcommit transaction[0m
  [1m[35m (0.1ms)[0m  [1m[36mbegin transaction[0m
  [1m[36mBank Create (2.0ms)[0m  [1m[32mINSERT INTO "banks" ("name", "city", "created_at", "updated_at") VALUES (?, ?, ?, ?)[0m  [["name", "ALLIED BANK PHILIPPINES (UK) PLC"], ["city", "Amadoland"], ["created_at", "2020-06-25 20:04:37.739007"], ["updated_at", "2020-06-25 20:04:37.739007"]]
  [1m[35m (11.9ms)[0m  [1m[36mcommit transaction[0m
  [1m[35m (0.1ms)[0m  [1m[36mbegin transaction[0m
  [1m[36mBank Create (1.6ms)[0m  [1m[32mINSERT INTO "banks" ("name", "city", "created_at", "updated_at") VALUES (?, ?, ?, ?)[0m  [["name", "ABN AMRO CORPORATE FINANCE LIMITED"], ["city", "East Margberg"], ["created_at", "2020-06-25 20:04:37.762257"], ["updated_at", "2020-06-25 20:04:37.762257"]]
  [1m[35m (11.8ms)[0m  [1m[36mcommit transaction[0m
  [1m[35m (0.2ms)[0m  [1m[36mbegin transaction[0m
  [1m[36mBank Create (1.8ms)[0m  [1m[32mINSERT INTO "banks" ("name", "city", "created_at", "updated_at") VALUES (?, ?, ?, ?)[0m  [["name", "ALLIED BANK PHILIPPINES (UK) PLC"], ["city", "Mirtastad"], ["created_at", "2020-06-25 20:04:37.784387"], ["updated_at", "2020-06-25 20:04:37.784387"]]
  [1m[35m (12.7ms)[0m  [1m[36mcommit transaction[0m
  [1m[35m (0.1ms)[0m  [1m[36mbegin transaction[0m
  [1m[36mBank Create (2.1ms)[0m  [1m[32mINSERT INTO "banks" ("name", "city", "created_at", "updated_at") VALUES (?, ?, ?, ?)[0m  [["name", "ABN AMRO HOARE GOVETT LIMITED"], ["city", "New Heidechester"], ["created_at", "2020-06-25 20:04:37.825525"], ["updated_at", "2020-06-25 20:04:37.825525"]]
  [1m[35m (23.4ms)[0m  [1m[36mcommit transaction[0m
  [1m[35m (0.1ms)[0m  [1m[36mbegin transaction[0m
  [1m[36mBank Create (1.8ms)[0m  [1m[32mINSERT INTO "banks" ("name", "city", "created_at", "updated_at") VALUES (?, ?, ?, ?)[0m  [["name", "ABINGWORTH MANAGEMENT LIMITED"], ["city", "West Selinashire"], ["created_at", "2020-06-25 20:04:37.860142"], ["updated_at", "2020-06-25 20:04:37.860142"]]
  [1m[35m (14.5ms)[0m  [1m[36mcommit transaction[0m
  [1m[35m (0.1ms)[0m  [1m[36mbegin transaction[0m
  [1m[36mBank Create (11.1ms)[0m  [1m[32mINSERT INTO "banks" ("name", "city", "created_at", "updated_at") VALUES (?, ?, ?, ?)[0m  [["name", "THE ROYAL BANK OF SCOTLAND PLC (FORMER RBS NV)"], ["city", "North Sergio"], ["created_at", "2020-06-25 20:04:37.885085"], ["updated_at", "2020-06-25 20:04:37.885085"]]
  [1m[35m (13.2ms)[0m  [1m[36mcommit transaction[0m
  [1m[35m (0.1ms)[0m  [1m[36mbegin transaction[0m
  [1m[36mBank Create (2.0ms)[0m  [1m[32mINSERT INTO "banks" ("name", "city", "created_at", "updated_at") VALUES (?, ?, ?, ?)[0m  [["name", "ABBOTSTONE AGRICULTURAL PROPERTY UNIT TRUST"], ["city", "North Sharonda"], ["created_at", "2020-06-25 20:04:37.918909"], ["updated_at", "2020-06-25 20:04:37.918909"]]
  [1m[35m (10.1ms)[0m  [1m[36mcommit transaction[0m
  [1m[36mCustomer Load (0.5ms)[0m  [1m[34mSELECT "customers".* FROM "customers"[0m
  [1m[36mBank Load (0.5ms)[0m  [1m[34mSELECT "banks".* FROM "banks"[0m
  [1m[35m (0.1ms)[0m  [1m[36mbegin transaction[0m
  [1m[36mCreditCard Create (1.8ms)[0m  [1m[32mINSERT INTO "credit_cards" ("card_name", "customer_id", "bank_id", "created_at", "updated_at") VALUES (?, ?, ?, ?, ?)[0m  [["card_name", "ivory"], ["customer_id", 40], ["bank_id", 28], ["created_at", "2020-06-25 20:04:37.951778"], ["updated_at", "2020-06-25 20:04:37.951778"]]
  [1m[35m (10.6ms)[0m  [1m[36mcommit transaction[0m
  [1m[36mCustomer Load (0.5ms)[0m  [1m[34mSELECT "customers".* FROM "customers"[0m
  [1m[36mBank Load (0.4ms)[0m  [1m[34mSELECT "banks".* FROM "banks"[0m
  [1m[35m (0.2ms)[0m  [1m[36mbegin transaction[0m
  [1m[36mCreditCard Create (2.1ms)[0m  [1m[32mINSERT INTO "credit_cards" ("card_name", "customer_id", "bank_id", "created_at", "updated_at") VALUES (?, ?, ?, ?, ?)[0m  [["card_name", "yellow"], ["customer_id", 32], ["bank_id", 28], ["created_at", "2020-06-25 20:04:37.979890"], ["updated_at", "2020-06-25 20:04:37.979890"]]
  [1m[35m (9.8ms)[0m  [1m[36mcommit transaction[0m
  [1m[36mCustomer Load (0.3ms)[0m  [1m[34mSELECT "customers".* FROM "customers"[0m
  [1m[36mBank Load (0.6ms)[0m  [1m[34mSELECT "banks".* FROM "banks"[0m
  [1m[35m (0.1ms)[0m  [1m[36mbegin transaction[0m
  [1m[36mCreditCard Create (1.6ms)[0m  [1m[32mINSERT INTO "credit_cards" ("card_name", "customer_id", "bank_id", "created_at", "updated_at") VALUES (?, ?, ?, ?, ?)[0m  [["card_name", "taupe"], ["customer_id", 31], ["bank_id", 26], ["created_at", "2020-06-25 20:04:38.004221"], ["updated_at", "2020-06-25 20:04:38.004221"]]
  [1m[35m (12.3ms)[0m  [1m[36mcommit transaction[0m
  [1m[36mCustomer Load (0.3ms)[0m  [1m[34mSELECT "customers".* FROM "customers"[0m
  [1m[36mBank Load (0.5ms)[0m  [1m[34mSELECT "banks".* FROM "banks"[0m
  [1m[35m (0.1ms)[0m  [1m[36mbegin transaction[0m
  [1m[36mCreditCard Create (1.9ms)[0m  [1m[32mINSERT INTO "credit_cards" ("card_name", "customer_id", "bank_id", "created_at", "updated_at") VALUES (?, ?, ?, ?, ?)[0m  [["card_name", "amber"], ["customer_id", 40], ["bank_id", 29], ["created_at", "2020-06-25 20:04:38.031869"], ["updated_at", "2020-06-25 20:04:38.031869"]]
  [1m[35m (14.9ms)[0m  [1m[36mcommit transaction[0m
  [1m[36mCustomer Load (0.4ms)[0m  [1m[34mSELECT "customers".* FROM "customers"[0m
  [1m[36mBank Load (0.3ms)[0m  [1m[34mSELECT "banks".* FROM "banks"[0m
  [1m[35m (0.1ms)[0m  [1m[36mbegin transaction[0m
  [1m[36mCreditCard Create (1.9ms)[0m  [1m[32mINSERT INTO "credit_cards" ("card_name", "customer_id", "bank_id", "created_at", "updated_at") VALUES (?, ?, ?, ?, ?)[0m  [["card_name", "cyan"], ["customer_id", 32], ["bank_id", 22], ["created_at", "2020-06-25 20:04:38.062103"], ["updated_at", "2020-06-25 20:04:38.062103"]]
  [1m[35m (12.0ms)[0m  [1m[36mcommit transaction[0m
  [1m[36mCustomer Load (0.5ms)[0m  [1m[34mSELECT "customers".* FROM "customers"[0m
  [1m[36mBank Load (0.5ms)[0m  [1m[34mSELECT "banks".* FROM "banks"[0m
  [1m[35m (0.1ms)[0m  [1m[36mbegin transaction[0m
  [1m[36mCreditCard Create (1.8ms)[0m  [1m[32mINSERT INTO "credit_cards" ("card_name", "customer_id", "bank_id", "created_at", "updated_at") VALUES (?, ?, ?, ?, ?)[0m  [["card_name", "magenta"], ["customer_id", 35], ["bank_id", 25], ["created_at", "2020-06-25 20:04:38.089447"], ["updated_at", "2020-06-25 20:04:38.089447"]]
  [1m[35m (14.6ms)[0m  [1m[36mcommit transaction[0m
  [1m[36mCustomer Load (0.6ms)[0m  [1m[34mSELECT "customers".* FROM "customers"[0m
  [1m[36mBank Load (0.5ms)[0m  [1m[34mSELECT "banks".* FROM "banks"[0m
  [1m[35m (0.1ms)[0m  [1m[36mbegin transaction[0m
  [1m[36mCreditCard Create (3.1ms)[0m  [1m[32mINSERT INTO "credit_cards" ("card_name", "customer_id", "bank_id", "created_at", "updated_at") VALUES (?, ?, ?, ?, ?)[0m  [["card_name", "grey"], ["customer_id", 31], ["bank_id", 24], ["created_at", "2020-06-25 20:04:38.119809"], ["updated_at", "2020-06-25 20:04:38.119809"]]
  [1m[35m (11.2ms)[0m  [1m[36mcommit transaction[0m
  [1m[36mCustomer Load (0.5ms)[0m  [1m[34mSELECT "customers".* FROM "customers"[0m
  [1m[36mBank Load (0.5ms)[0m  [1m[34mSELECT "banks".* FROM "banks"[0m
  [1m[35m (0.1ms)[0m  [1m[36mbegin transaction[0m
  [1m[36mCreditCard Create (1.7ms)[0m  [1m[32mINSERT INTO "credit_cards" ("card_name", "customer_id", "bank_id", "created_at", "updated_at") VALUES (?, ?, ?, ?, ?)[0m  [["card_name", "purple"], ["customer_id", 36], ["bank_id", 21], ["created_at", "2020-06-25 20:04:38.152785"], ["updated_at", "2020-06-25 20:04:38.152785"]]
  [1m[35m (11.7ms)[0m  [1m[36mcommit transaction[0m
  [1m[36mCustomer Load (0.6ms)[0m  [1m[34mSELECT "customers".* FROM "customers"[0m
  [1m[36mBank Load (0.4ms)[0m  [1m[34mSELECT "banks".* FROM "banks"[0m
  [1m[35m (0.1ms)[0m  [1m[36mbegin transaction[0m
  [1m[36mCreditCard Create (1.9ms)[0m  [1m[32mINSERT INTO "credit_cards" ("card_name", "customer_id", "bank_id", "created_at", "updated_at") VALUES (?, ?, ?, ?, ?)[0m  [["card_name", "coral"], ["customer_id", 38], ["bank_id", 25], ["created_at", "2020-06-25 20:04:38.181965"], ["updated_at", "2020-06-25 20:04:38.181965"]]
  [1m[35m (11.8ms)[0m  [1m[36mcommit transaction[0m
  [1m[36mCustomer Load (0.4ms)[0m  [1m[34mSELECT "customers".* FROM "customers"[0m
  [1m[36mBank Load (0.4ms)[0m  [1m[34mSELECT "banks".* FROM "banks"[0m
  [1m[35m (0.1ms)[0m  [1m[36mbegin transaction[0m
  [1m[36mCreditCard Create (1.8ms)[0m  [1m[32mINSERT INTO "credit_cards" ("card_name", "customer_id", "bank_id", "created_at", "updated_at") VALUES (?, ?, ?, ?, ?)[0m  [["card_name", "salmon"], ["customer_id", 36], ["bank_id", 28], ["created_at", "2020-06-25 20:04:38.213711"], ["updated_at", "2020-06-25 20:04:38.213711"]]
  [1m[35m (61.2ms)[0m  [1m[36mcommit transaction[0m
  [1m[35m (1.9ms)[0m  [1m[34mSELECT sqlite_version(*)[0m
  [1m[35m (0.4ms)[0m  [1m[34mSELECT "schema_migrations"."version" FROM "schema_migrations" ORDER BY "schema_migrations"."version" ASC[0m
  [1m[35m (0.3ms)[0m  [1m[34mSELECT "schema_migrations"."version" FROM "schema_migrations" ORDER BY "schema_migrations"."version" ASC[0m
  [1m[35m (0.3ms)[0m  [1m[34mSELECT "schema_migrations"."version" FROM "schema_migrations" ORDER BY "schema_migrations"."version" ASC[0m
  [1m[35m (0.2ms)[0m  [1m[34mSELECT "schema_migrations"."version" FROM "schema_migrations" ORDER BY "schema_migrations"."version" ASC[0m
Migrating to CreateCreditCards (20200625164211)
  [1m[35m (0.1ms)[0m  [1m[36mbegin transaction[0m
  [1m[35m (2.4ms)[0m  [1m[35mDROP TABLE "credit_cards"[0m
  [1m[36mprimary::SchemaMigration Destroy (0.5ms)[0m  [1m[31mDELETE FROM "schema_migrations" WHERE "schema_migrations"."version" = ?[0m  [["version", "20200625164211"]]
  [1m[35m (14.3ms)[0m  [1m[36mcommit transaction[0m
  [1m[35m (0.1ms)[0m  [1m[34mSELECT sqlite_version(*)[0m
  [1m[35m (0.5ms)[0m  [1m[34mSELECT "schema_migrations"."version" FROM "schema_migrations" ORDER BY "schema_migrations"."version" ASC[0m
  [1m[35m (0.9ms)[0m  [1m[34mSELECT sqlite_version(*)[0m
  [1m[35m (1.4ms)[0m  [1m[34mSELECT "schema_migrations"."version" FROM "schema_migrations" ORDER BY "schema_migrations"."version" ASC[0m
  [1m[35m (0.3ms)[0m  [1m[34mSELECT "schema_migrations"."version" FROM "schema_migrations" ORDER BY "schema_migrations"."version" ASC[0m
  [1m[35m (0.3ms)[0m  [1m[34mSELECT "schema_migrations"."version" FROM "schema_migrations" ORDER BY "schema_migrations"."version" ASC[0m
  [1m[35m (0.3ms)[0m  [1m[34mSELECT "schema_migrations"."version" FROM "schema_migrations" ORDER BY "schema_migrations"."version" ASC[0m
Migrating to CreateBanks (20200625164052)
  [1m[35m (0.1ms)[0m  [1m[36mbegin transaction[0m
  [1m[35m (15.6ms)[0m  [1m[35mDROP TABLE "banks"[0m
  [1m[36mprimary::SchemaMigration Destroy (0.5ms)[0m  [1m[31mDELETE FROM "schema_migrations" WHERE "schema_migrations"."version" = ?[0m  [["version", "20200625164052"]]
  [1m[35m (22.5ms)[0m  [1m[36mcommit transaction[0m
  [1m[35m (0.1ms)[0m  [1m[34mSELECT sqlite_version(*)[0m
  [1m[35m (0.5ms)[0m  [1m[34mSELECT "schema_migrations"."version" FROM "schema_migrations" ORDER BY "schema_migrations"."version" ASC[0m
  [1m[35m (0.8ms)[0m  [1m[34mSELECT sqlite_version(*)[0m
  [1m[35m (0.4ms)[0m  [1m[34mSELECT "schema_migrations"."version" FROM "schema_migrations" ORDER BY "schema_migrations"."version" ASC[0m
  [1m[35m (0.4ms)[0m  [1m[34mSELECT "schema_migrations"."version" FROM "schema_migrations" ORDER BY "schema_migrations"."version" ASC[0m
  [1m[35m (0.3ms)[0m  [1m[34mSELECT "schema_migrations"."version" FROM "schema_migrations" ORDER BY "schema_migrations"."version" ASC[0m
  [1m[35m (0.3ms)[0m  [1m[34mSELECT "schema_migrations"."version" FROM "schema_migrations" ORDER BY "schema_migrations"."version" ASC[0m
Migrating to CreateCustomers (20200625164018)
  [1m[35m (0.1ms)[0m  [1m[36mbegin transaction[0m
  [1m[35m (2.6ms)[0m  [1m[35mDROP TABLE "customers"[0m
  [1m[36mprimary::SchemaMigration Destroy (0.5ms)[0m  [1m[31mDELETE FROM "schema_migrations" WHERE "schema_migrations"."version" = ?[0m  [["version", "20200625164018"]]
  [1m[35m (19.8ms)[0m  [1m[36mcommit transaction[0m
  [1m[35m (0.1ms)[0m  [1m[34mSELECT sqlite_version(*)[0m
  [1m[35m (1.5ms)[0m  [1m[34mSELECT "schema_migrations"."version" FROM "schema_migrations" ORDER BY "schema_migrations"."version" ASC[0m
  [1m[35m (1.6ms)[0m  [1m[34mSELECT sqlite_version(*)[0m
  [1m[35m (0.4ms)[0m  [1m[34mSELECT "schema_migrations"."version" FROM "schema_migrations" ORDER BY "schema_migrations"."version" ASC[0m
Migrating to CreateCustomers (20200625164018)
  [1m[35m (0.1ms)[0m  [1m[36mbegin transaction[0m
  [1m[35m (2.6ms)[0m  [1m[35mCREATE TABLE "customers" ("id" integer PRIMARY KEY AUTOINCREMENT NOT NULL, "name" varchar, "age" integer, "created_at" datetime(6) NOT NULL, "updated_at" datetime(6) NOT NULL)[0m
  [1m[36mprimary::SchemaMigration Create (0.4ms)[0m  [1m[32mINSERT INTO "schema_migrations" ("version") VALUES (?)[0m  [["version", "20200625164018"]]
  [1m[35m (22.6ms)[0m  [1m[36mcommit transaction[0m
Migrating to CreateBanks (20200625164052)
  [1m[35m (0.1ms)[0m  [1m[36mbegin transaction[0m
  [1m[35m (5.1ms)[0m  [1m[35mCREATE TABLE "banks" ("id" integer PRIMARY KEY AUTOINCREMENT NOT NULL, "name" varchar, "city" varchar, "created_at" datetime(6) NOT NULL, "updated_at" datetime(6) NOT NULL)[0m
  [1m[36mprimary::SchemaMigration Create (0.5ms)[0m  [1m[32mINSERT INTO "schema_migrations" ("version") VALUES (?)[0m  [["version", "20200625164052"]]
  [1m[35m (163.5ms)[0m  [1m[36mcommit transaction[0m
Migrating to CreateCreditCards (20200625164211)
  [1m[35m (0.1ms)[0m  [1m[36mbegin transaction[0m
  [1m[35m (36.2ms)[0m  [1m[35mCREATE TABLE "credit_cards" ("id" integer PRIMARY KEY AUTOINCREMENT NOT NULL, "card_name" varchar, "customer_id" integer, "bank_id" integer, "created_at" datetime(6) NOT NULL, "updated_at" datetime(6) NOT NULL)[0m
  [1m[36mprimary::SchemaMigration Create (0.4ms)[0m  [1m[32mINSERT INTO "schema_migrations" ("version") VALUES (?)[0m  [["version", "20200625164211"]]
  [1m[35m (13.4ms)[0m  [1m[36mcommit transaction[0m
  [1m[36mActiveRecord::InternalMetadata Load (0.5ms)[0m  [1m[34mSELECT "ar_internal_metadata".* FROM "ar_internal_metadata" WHERE "ar_internal_metadata"."key" = ? LIMIT ?[0m  [["key", "environment"], ["LIMIT", 1]]
  [1m[35m (0.1ms)[0m  [1m[34mSELECT sqlite_version(*)[0m
  [1m[35m (0.5ms)[0m  [1m[34mSELECT "schema_migrations"."version" FROM "schema_migrations" ORDER BY "schema_migrations"."version" ASC[0m
  [1m[35m (2.7ms)[0m  [1m[34mSELECT sqlite_version(*)[0m
  [1m[35m (0.5ms)[0m  [1m[34mSELECT "schema_migrations"."version" FROM "schema_migrations" ORDER BY "schema_migrations"."version" ASC[0m
  [1m[35m (0.1ms)[0m  [1m[34mSELECT sqlite_version(*)[0m
  [1m[36mCustomer Load (0.4ms)[0m  [1m[34mSELECT "customers".* FROM "customers"[0m
  [1m[36mBank Load (0.6ms)[0m  [1m[34mSELECT "banks".* FROM "banks"[0m
  [1m[36mCreditCard Load (0.5ms)[0m  [1m[34mSELECT "credit_cards".* FROM "credit_cards"[0m
  [1m[35m (0.1ms)[0m  [1m[36mbegin transaction[0m
  [1m[36mCustomer Create (3.5ms)[0m  [1m[32mINSERT INTO "customers" ("name", "age", "created_at", "updated_at") VALUES (?, ?, ?, ?)[0m  [["name", "Weldon Rowe"], ["age", 27], ["created_at", "2020-06-25 20:09:06.281851"], ["updated_at", "2020-06-25 20:09:06.281851"]]
  [1m[35m (14.2ms)[0m  [1m[36mcommit transaction[0m
  [1m[35m (0.1ms)[0m  [1m[36mbegin transaction[0m
  [1m[36mCustomer Create (2.0ms)[0m  [1m[32mINSERT INTO "customers" ("name", "age", "created_at", "updated_at") VALUES (?, ?, ?, ?)[0m  [["name", "Keely Kutch"], ["age", 41], ["created_at", "2020-06-25 20:09:06.309789"], ["updated_at", "2020-06-25 20:09:06.309789"]]
  [1m[35m (14.0ms)[0m  [1m[36mcommit transaction[0m
  [1m[35m (0.1ms)[0m  [1m[36mbegin transaction[0m
  [1m[36mCustomer Create (2.5ms)[0m  [1m[32mINSERT INTO "customers" ("name", "age", "created_at", "updated_at") VALUES (?, ?, ?, ?)[0m  [["name", "Prof. Darrin Goyette"], ["age", 36], ["created_at", "2020-06-25 20:09:06.335480"], ["updated_at", "2020-06-25 20:09:06.335480"]]
  [1m[35m (19.1ms)[0m  [1m[36mcommit transaction[0m
  [1m[35m (0.2ms)[0m  [1m[36mbegin transaction[0m
  [1m[36mCustomer Create (2.7ms)[0m  [1m[32mINSERT INTO "customers" ("name", "age", "created_at", "updated_at") VALUES (?, ?, ?, ?)[0m  [["name", "Williams Thompson"], ["age", 31], ["created_at", "2020-06-25 20:09:06.366022"], ["updated_at", "2020-06-25 20:09:06.366022"]]
  [1m[35m (79.7ms)[0m  [1m[36mcommit transaction[0m
  [1m[35m (0.1ms)[0m  [1m[36mbegin transaction[0m
  [1m[36mCustomer Create (1.8ms)[0m  [1m[32mINSERT INTO "customers" ("name", "age", "created_at", "updated_at") VALUES (?, ?, ?, ?)[0m  [["name", "Deon Johnson"], ["age", 18], ["created_at", "2020-06-25 20:09:06.494043"], ["updated_at", "2020-06-25 20:09:06.494043"]]
  [1m[35m (12.0ms)[0m  [1m[36mcommit transaction[0m
  [1m[35m (0.2ms)[0m  [1m[36mbegin transaction[0m
  [1m[36mCustomer Create (2.0ms)[0m  [1m[32mINSERT INTO "customers" ("name", "age", "created_at", "updated_at") VALUES (?, ?, ?, ?)[0m  [["name", "Jacquelyn Jerde"], ["age", 20], ["created_at", "2020-06-25 20:09:06.517402"], ["updated_at", "2020-06-25 20:09:06.517402"]]
  [1m[35m (14.4ms)[0m  [1m[36mcommit transaction[0m
  [1m[35m (0.1ms)[0m  [1m[36mbegin transaction[0m
  [1m[36mCustomer Create (23.6ms)[0m  [1m[32mINSERT INTO "customers" ("name", "age", "created_at", "updated_at") VALUES (?, ?, ?, ?)[0m  [["name", "Kathey Kertzmann Esq."], ["age", 32], ["created_at", "2020-06-25 20:09:06.552192"], ["updated_at", "2020-06-25 20:09:06.552192"]]
  [1m[35m (16.4ms)[0m  [1m[36mcommit transaction[0m
  [1m[35m (0.1ms)[0m  [1m[36mbegin transaction[0m
  [1m[36mCustomer Create (1.7ms)[0m  [1m[32mINSERT INTO "customers" ("name", "age", "created_at", "updated_at") VALUES (?, ?, ?, ?)[0m  [["name", "Roscoe Armstrong"], ["age", 24], ["created_at", "2020-06-25 20:09:06.616899"], ["updated_at", "2020-06-25 20:09:06.616899"]]
  [1m[35m (14.0ms)[0m  [1m[36mcommit transaction[0m
  [1m[35m (0.1ms)[0m  [1m[36mbegin transaction[0m
  [1m[36mCustomer Create (2.6ms)[0m  [1m[32mINSERT INTO "customers" ("name", "age", "created_at", "updated_at") VALUES (?, ?, ?, ?)[0m  [["name", "Georgene Brakus"], ["age", 49], ["created_at", "2020-06-25 20:09:06.677692"], ["updated_at", "2020-06-25 20:09:06.677692"]]
  [1m[35m (21.7ms)[0m  [1m[36mcommit transaction[0m
  [1m[35m (0.1ms)[0m  [1m[36mbegin transaction[0m
  [1m[36mCustomer Create (2.1ms)[0m  [1m[32mINSERT INTO "customers" ("name", "age", "created_at", "updated_at") VALUES (?, ?, ?, ?)[0m  [["name", "Mrs. Roseline Hudson"], ["age", 20], ["created_at", "2020-06-25 20:09:06.776969"], ["updated_at", "2020-06-25 20:09:06.776969"]]
  [1m[35m (14.8ms)[0m  [1m[36mcommit transaction[0m
  [1m[35m (0.1ms)[0m  [1m[36mbegin transaction[0m
  [1m[36mBank Create (2.0ms)[0m  [1m[32mINSERT INTO "banks" ("name", "city", "created_at", "updated_at") VALUES (?, ?, ?, ?)[0m  [["name", "ABN AMRO CORPORATE FINANCE LIMITED"], ["city", "Mosciskimouth"], ["created_at", "2020-06-25 20:09:06.814032"], ["updated_at", "2020-06-25 20:09:06.814032"]]
  [1m[35m (16.4ms)[0m  [1m[36mcommit transaction[0m
  [1m[35m (0.1ms)[0m  [1m[36mbegin transaction[0m
  [1m[36mBank Create (1.9ms)[0m  [1m[32mINSERT INTO "banks" ("name", "city", "created_at", "updated_at") VALUES (?, ?, ?, ?)[0m  [["name", "THE ROYAL BANK OF SCOTLAND PLC (FORMER RBS NV)"], ["city", "New Riley"], ["created_at", "2020-06-25 20:09:06.842159"], ["updated_at", "2020-06-25 20:09:06.842159"]]
  [1m[35m (12.9ms)[0m  [1m[36mcommit transaction[0m
  [1m[35m (0.4ms)[0m  [1m[36mbegin transaction[0m
  [1m[36mBank Create (2.1ms)[0m  [1m[32mINSERT INTO "banks" ("name", "city", "created_at", "updated_at") VALUES (?, ?, ?, ?)[0m  [["name", "AAC CAPITAL PARTNERS LIMITED"], ["city", "Robbiechester"], ["created_at", "2020-06-25 20:09:06.883236"], ["updated_at", "2020-06-25 20:09:06.883236"]]
  [1m[35m (16.8ms)[0m  [1m[36mcommit transaction[0m
  [1m[35m (0.1ms)[0m  [1m[36mbegin transaction[0m
  [1m[36mBank Create (2.0ms)[0m  [1m[32mINSERT INTO "banks" ("name", "city", "created_at", "updated_at") VALUES (?, ?, ?, ?)[0m  [["name", "ABN AMRO HOARE GOVETT CORPORATE FINANCE LTD."], ["city", "O'Connerville"], ["created_at", "2020-06-25 20:09:06.913341"], ["updated_at", "2020-06-25 20:09:06.913341"]]
  [1m[35m (15.6ms)[0m  [1m[36mcommit transaction[0m
  [1m[35m (0.1ms)[0m  [1m[36mbegin transaction[0m
  [1m[36mBank Create (3.5ms)[0m  [1m[32mINSERT INTO "banks" ("name", "city", "created_at", "updated_at") VALUES (?, ?, ?, ?)[0m  [["name", "ABBEY LIFE"], ["city", "New Keith"], ["created_at", "2020-06-25 20:09:06.949918"], ["updated_at", "2020-06-25 20:09:06.949918"]]
  [1m[35m (33.2ms)[0m  [1m[36mcommit transaction[0m
  [1m[35m (0.1ms)[0m  [1m[36mbegin transaction[0m
  [1m[36mBank Create (1.8ms)[0m  [1m[32mINSERT INTO "banks" ("name", "city", "created_at", "updated_at") VALUES (?, ?, ?, ?)[0m  [["name", "ABC INTERNATIONAL BANK PLC"], ["city", "Bradleybury"], ["created_at", "2020-06-25 20:09:06.993585"], ["updated_at", "2020-06-25 20:09:06.993585"]]
  [1m[35m (43.4ms)[0m  [1m[36mcommit transaction[0m
  [1m[35m (0.1ms)[0m  [1m[36mbegin transaction[0m
  [1m[36mBank Create (2.3ms)[0m  [1m[32mINSERT INTO "banks" ("name", "city", "created_at", "updated_at") VALUES (?, ?, ?, ?)[0m  [["name", "ABN AMRO HOARE GOVETT LIMITED"], ["city", "Wizamouth"], ["created_at", "2020-06-25 20:09:07.050723"], ["updated_at", "2020-06-25 20:09:07.050723"]]
  [1m[35m (33.2ms)[0m  [1m[36mcommit transaction[0m
  [1m[35m (0.1ms)[0m  [1m[36mbegin transaction[0m
  [1m[36mBank Create (2.1ms)[0m  [1m[32mINSERT INTO "banks" ("name", "city", "created_at", "updated_at") VALUES (?, ?, ?, ?)[0m  [["name", "ABN AMRO HOARE GOVETT SECURITIES"], ["city", "Lake Alecton"], ["created_at", "2020-06-25 20:09:07.096831"], ["updated_at", "2020-06-25 20:09:07.096831"]]
  [1m[35m (25.4ms)[0m  [1m[36mcommit transaction[0m
  [1m[35m (0.1ms)[0m  [1m[36mbegin transaction[0m
  [1m[36mBank Create (2.1ms)[0m  [1m[32mINSERT INTO "banks" ("name", "city", "created_at", "updated_at") VALUES (?, ?, ?, ?)[0m  [["name", "SANTANDER UK PLC"], ["city", "Considinemouth"], ["created_at", "2020-06-25 20:09:07.133048"], ["updated_at", "2020-06-25 20:09:07.133048"]]
  [1m[35m (24.8ms)[0m  [1m[36mcommit transaction[0m
  [1m[35m (0.1ms)[0m  [1m[36mbegin transaction[0m
  [1m[36mBank Create (1.7ms)[0m  [1m[32mINSERT INTO "banks" ("name", "city", "created_at", "updated_at") VALUES (?, ?, ?, ?)[0m  [["name", "ABN AMRO MEZZANINE (UK) LIMITED"], ["city", "East Jeffry"], ["created_at", "2020-06-25 20:09:07.173299"], ["updated_at", "2020-06-25 20:09:07.173299"]]
  [1m[35m (30.0ms)[0m  [1m[36mcommit transaction[0m
  [1m[36mCustomer Load (0.8ms)[0m  [1m[34mSELECT "customers".* FROM "customers"[0m
  [1m[36mBank Load (0.5ms)[0m  [1m[34mSELECT "banks".* FROM "banks"[0m
  [1m[35m (69.7ms)[0m  [1m[36mbegin transaction[0m
  [1m[36mCreditCard Create (2.0ms)[0m  [1m[32mINSERT INTO "credit_cards" ("card_name", "customer_id", "bank_id", "created_at", "updated_at") VALUES (?, ?, ?, ?, ?)[0m  [["card_name", "turquoise"], ["customer_id", 10], ["bank_id", 5], ["created_at", "2020-06-25 20:09:07.273090"], ["updated_at", "2020-06-25 20:09:07.273090"]]
  [1m[35m (29.5ms)[0m  [1m[36mcommit transaction[0m
  [1m[36mCustomer Load (0.4ms)[0m  [1m[34mSELECT "customers".* FROM "customers"[0m
  [1m[36mBank Load (0.8ms)[0m  [1m[34mSELECT "banks".* FROM "banks"[0m
  [1m[35m (0.1ms)[0m  [1m[36mbegin transaction[0m
  [1m[36mCreditCard Create (2.0ms)[0m  [1m[32mINSERT INTO "credit_cards" ("card_name", "customer_id", "bank_id", "created_at", "updated_at") VALUES (?, ?, ?, ?, ?)[0m  [["card_name", "red"], ["customer_id", 9], ["bank_id", 10], ["created_at", "2020-06-25 20:09:07.396868"], ["updated_at", "2020-06-25 20:09:07.396868"]]
  [1m[35m (24.8ms)[0m  [1m[36mcommit transaction[0m
  [1m[36mCustomer Load (0.6ms)[0m  [1m[34mSELECT "customers".* FROM "customers"[0m
  [1m[36mBank Load (1.1ms)[0m  [1m[34mSELECT "banks".* FROM "banks"[0m
  [1m[35m (0.1ms)[0m  [1m[36mbegin transaction[0m
  [1m[36mCreditCard Create (1.9ms)[0m  [1m[32mINSERT INTO "credit_cards" ("card_name", "customer_id", "bank_id", "created_at", "updated_at") VALUES (?, ?, ?, ?, ?)[0m  [["card_name", "purple"], ["customer_id", 4], ["bank_id", 6], ["created_at", "2020-06-25 20:09:07.447576"], ["updated_at", "2020-06-25 20:09:07.447576"]]
  [1m[35m (17.5ms)[0m  [1m[36mcommit transaction[0m
  [1m[36mCustomer Load (0.6ms)[0m  [1m[34mSELECT "customers".* FROM "customers"[0m
  [1m[36mBank Load (0.5ms)[0m  [1m[34mSELECT "banks".* FROM "banks"[0m
  [1m[35m (0.1ms)[0m  [1m[36mbegin transaction[0m
  [1m[36mCreditCard Create (2.9ms)[0m  [1m[32mINSERT INTO "credit_cards" ("card_name", "customer_id", "bank_id", "created_at", "updated_at") VALUES (?, ?, ?, ?, ?)[0m  [["card_name", "lemon"], ["customer_id", 3], ["bank_id", 3], ["created_at", "2020-06-25 20:09:07.483698"], ["updated_at", "2020-06-25 20:09:07.483698"]]
  [1m[35m (21.7ms)[0m  [1m[36mcommit transaction[0m
  [1m[36mCustomer Load (0.6ms)[0m  [1m[34mSELECT "customers".* FROM "customers"[0m
  [1m[36mBank Load (0.6ms)[0m  [1m[34mSELECT "banks".* FROM "banks"[0m
  [1m[35m (0.1ms)[0m  [1m[36mbegin transaction[0m
  [1m[36mCreditCard Create (1.9ms)[0m  [1m[32mINSERT INTO "credit_cards" ("card_name", "customer_id", "bank_id", "created_at", "updated_at") VALUES (?, ?, ?, ?, ?)[0m  [["card_name", "magenta"], ["customer_id", 4], ["bank_id", 4], ["created_at", "2020-06-25 20:09:07.553699"], ["updated_at", "2020-06-25 20:09:07.553699"]]
  [1m[35m (13.5ms)[0m  [1m[36mcommit transaction[0m
  [1m[36mCustomer Load (0.5ms)[0m  [1m[34mSELECT "customers".* FROM "customers"[0m
  [1m[36mBank Load (0.5ms)[0m  [1m[34mSELECT "banks".* FROM "banks"[0m
  [1m[35m (0.1ms)[0m  [1m[36mbegin transaction[0m
  [1m[36mCreditCard Create (2.1ms)[0m  [1m[32mINSERT INTO "credit_cards" ("card_name", "customer_id", "bank_id", "created_at", "updated_at") VALUES (?, ?, ?, ?, ?)[0m  [["card_name", "peach"], ["customer_id", 7], ["bank_id", 1], ["created_at", "2020-06-25 20:09:07.583052"], ["updated_at", "2020-06-25 20:09:07.583052"]]
  [1m[35m (13.3ms)[0m  [1m[36mcommit transaction[0m
  [1m[36mCustomer Load (0.4ms)[0m  [1m[34mSELECT "customers".* FROM "customers"[0m
  [1m[36mBank Load (1.6ms)[0m  [1m[34mSELECT "banks".* FROM "banks"[0m
  [1m[35m (0.1ms)[0m  [1m[36mbegin transaction[0m
  [1m[36mCreditCard Create (2.0ms)[0m  [1m[32mINSERT INTO "credit_cards" ("card_name", "customer_id", "bank_id", "created_at", "updated_at") VALUES (?, ?, ?, ?, ?)[0m  [["card_name", "periwinkle"], ["customer_id", 1], ["bank_id", 5], ["created_at", "2020-06-25 20:09:07.614832"], ["updated_at", "2020-06-25 20:09:07.614832"]]
  [1m[35m (18.5ms)[0m  [1m[36mcommit transaction[0m
  [1m[36mCustomer Load (0.5ms)[0m  [1m[34mSELECT "customers".* FROM "customers"[0m
  [1m[36mBank Load (0.5ms)[0m  [1m[34mSELECT "banks".* FROM "banks"[0m
  [1m[35m (0.1ms)[0m  [1m[36mbegin transaction[0m
  [1m[36mCreditCard Create (2.3ms)[0m  [1m[32mINSERT INTO "credit_cards" ("card_name", "customer_id", "bank_id", "created_at", "updated_at") VALUES (?, ?, ?, ?, ?)[0m  [["card_name", "rose"], ["customer_id", 7], ["bank_id", 8], ["created_at", "2020-06-25 20:09:07.656530"], ["updated_at", "2020-06-25 20:09:07.656530"]]
  [1m[35m (15.8ms)[0m  [1m[36mcommit transaction[0m
  [1m[36mCustomer Load (0.6ms)[0m  [1m[34mSELECT "customers".* FROM "customers"[0m
  [1m[36mBank Load (0.4ms)[0m  [1m[34mSELECT "banks".* FROM "banks"[0m
  [1m[35m (0.1ms)[0m  [1m[36mbegin transaction[0m
  [1m[36mCreditCard Create (2.1ms)[0m  [1m[32mINSERT INTO "credit_cards" ("card_name", "customer_id", "bank_id", "created_at", "updated_at") VALUES (?, ?, ?, ?, ?)[0m  [["card_name", "sapphire"], ["customer_id", 3], ["bank_id", 1], ["created_at", "2020-06-25 20:09:07.694723"], ["updated_at", "2020-06-25 20:09:07.694723"]]
  [1m[35m (15.1ms)[0m  [1m[36mcommit transaction[0m
  [1m[36mCustomer Load (0.6ms)[0m  [1m[34mSELECT "customers".* FROM "customers"[0m
  [1m[36mBank Load (0.8ms)[0m  [1m[34mSELECT "banks".* FROM "banks"[0m
  [1m[35m (0.1ms)[0m  [1m[36mbegin transaction[0m
  [1m[36mCreditCard Create (2.5ms)[0m  [1m[32mINSERT INTO "credit_cards" ("card_name", "customer_id", "bank_id", "created_at", "updated_at") VALUES (?, ?, ?, ?, ?)[0m  [["card_name", "raspberry"], ["customer_id", 2], ["bank_id", 9], ["created_at", "2020-06-25 20:09:07.726845"], ["updated_at", "2020-06-25 20:09:07.726845"]]
  [1m[35m (14.5ms)[0m  [1m[36mcommit transaction[0m
